have_header: checking for ldap.h... -------------------- yes

"gcc -o conftest -I/home/wbx/openadk/host_i586_eglibc/include/ruby-1.9.1/x86_64-linux -I/home/wbx/openadk/host_i586_eglibc/include/ruby-1.9.1/ruby/backward -I/home/wbx/openadk/host_i586_eglibc/include/ruby-1.9.1 -I/home/wbx/openadk/build_pcengines-alix1c_i586_eglibc/w-ruby-ldap-0.9.8-1/ruby-ldap-0.9.8 -I/home/wbx/openadk/target_i586_eglibc/usr/include     -O3 -ggdb -Wextra -Wno-unused-parameter -Wno-parentheses -Wno-long-long -Wno-missing-field-initializers -Wpointer-arith -Wwrite-strings -Wdeclaration-after-statement -Wimplicit-function-declaration conftest.c  -L. -L/home/wbx/openadk/host_i586_eglibc/lib -Wl,-R/home/wbx/openadk/host_i586_eglibc/lib -L.  -rdynamic -Wl,-export-dynamic     -Wl,-R -Wl,/home/wbx/openadk/host_i586_eglibc/lib -L/home/wbx/openadk/host_i586_eglibc/lib -lruby-static  -lpthread -lrt -ldl -lcrypt -lm   -lc"
In file included from /home/wbx/openadk/host_i586_eglibc/include/ruby-1.9.1/ruby/ruby.h:58:0,
                 from /home/wbx/openadk/host_i586_eglibc/include/ruby-1.9.1/ruby.h:32,
                 from conftest.c:1:
/home/wbx/openadk/target_i586_eglibc/usr/include/stdint.h:153:0: warning: "__INT64_C" redefined
<built-in>:0:0: note: this is the location of the previous definition
/home/wbx/openadk/target_i586_eglibc/usr/include/stdint.h:154:0: warning: "__UINT64_C" redefined
<built-in>:0:0: note: this is the location of the previous definition
checked program was:
/* begin */
1: #include "ruby.h"
2: 
3: int main() {return 0;}
/* end */

"gcc -E -I/home/wbx/openadk/host_i586_eglibc/include/ruby-1.9.1/x86_64-linux -I/home/wbx/openadk/host_i586_eglibc/include/ruby-1.9.1/ruby/backward -I/home/wbx/openadk/host_i586_eglibc/include/ruby-1.9.1 -I/home/wbx/openadk/build_pcengines-alix1c_i586_eglibc/w-ruby-ldap-0.9.8-1/ruby-ldap-0.9.8 -I/home/wbx/openadk/target_i586_eglibc/usr/include     -O3 -ggdb -Wextra -Wno-unused-parameter -Wno-parentheses -Wno-long-long -Wno-missing-field-initializers -Wpointer-arith -Wwrite-strings -Wdeclaration-after-statement -Wimplicit-function-declaration  conftest.c -o conftest.i"
In file included from /home/wbx/openadk/host_i586_eglibc/include/ruby-1.9.1/ruby/ruby.h:58:0,
                 from /home/wbx/openadk/host_i586_eglibc/include/ruby-1.9.1/ruby.h:32,
                 from conftest.c:1:
/home/wbx/openadk/target_i586_eglibc/usr/include/stdint.h:153:0: warning: "__INT64_C" redefined
<built-in>:0:0: note: this is the location of the previous definition
/home/wbx/openadk/target_i586_eglibc/usr/include/stdint.h:154:0: warning: "__UINT64_C" redefined
<built-in>:0:0: note: this is the location of the previous definition
checked program was:
/* begin */
1: #include "ruby.h"
2: 
3: #include <ldap.h>
/* end */

--------------------

have_header: checking for lber.h... -------------------- yes

"gcc -E -I/home/wbx/openadk/host_i586_eglibc/include/ruby-1.9.1/x86_64-linux -I/home/wbx/openadk/host_i586_eglibc/include/ruby-1.9.1/ruby/backward -I/home/wbx/openadk/host_i586_eglibc/include/ruby-1.9.1 -I/home/wbx/openadk/build_pcengines-alix1c_i586_eglibc/w-ruby-ldap-0.9.8-1/ruby-ldap-0.9.8 -I/home/wbx/openadk/target_i586_eglibc/usr/include     -O3 -ggdb -Wextra -Wno-unused-parameter -Wno-parentheses -Wno-long-long -Wno-missing-field-initializers -Wpointer-arith -Wwrite-strings -Wdeclaration-after-statement -Wimplicit-function-declaration  conftest.c -o conftest.i"
In file included from /home/wbx/openadk/host_i586_eglibc/include/ruby-1.9.1/ruby/ruby.h:58:0,
                 from /home/wbx/openadk/host_i586_eglibc/include/ruby-1.9.1/ruby.h:32,
                 from conftest.c:1:
/home/wbx/openadk/target_i586_eglibc/usr/include/stdint.h:153:0: warning: "__INT64_C" redefined
<built-in>:0:0: note: this is the location of the previous definition
/home/wbx/openadk/target_i586_eglibc/usr/include/stdint.h:154:0: warning: "__UINT64_C" redefined
<built-in>:0:0: note: this is the location of the previous definition
checked program was:
/* begin */
1: #include "ruby.h"
2: 
3: #include <lber.h>
/* end */

--------------------

have_header: checking for ldap_ssl.h... -------------------- no

"gcc -E -I/home/wbx/openadk/host_i586_eglibc/include/ruby-1.9.1/x86_64-linux -I/home/wbx/openadk/host_i586_eglibc/include/ruby-1.9.1/ruby/backward -I/home/wbx/openadk/host_i586_eglibc/include/ruby-1.9.1 -I/home/wbx/openadk/build_pcengines-alix1c_i586_eglibc/w-ruby-ldap-0.9.8-1/ruby-ldap-0.9.8 -I/home/wbx/openadk/target_i586_eglibc/usr/include     -O3 -ggdb -Wextra -Wno-unused-parameter -Wno-parentheses -Wno-long-long -Wno-missing-field-initializers -Wpointer-arith -Wwrite-strings -Wdeclaration-after-statement -Wimplicit-function-declaration  conftest.c -o conftest.i"
In file included from /home/wbx/openadk/host_i586_eglibc/include/ruby-1.9.1/ruby/ruby.h:58:0,
                 from /home/wbx/openadk/host_i586_eglibc/include/ruby-1.9.1/ruby.h:32,
                 from conftest.c:1:
/home/wbx/openadk/target_i586_eglibc/usr/include/stdint.h:153:0: warning: "__INT64_C" redefined
<built-in>:0:0: note: this is the location of the previous definition
/home/wbx/openadk/target_i586_eglibc/usr/include/stdint.h:154:0: warning: "__UINT64_C" redefined
<built-in>:0:0: note: this is the location of the previous definition
conftest.c:3:22: fatal error: ldap_ssl.h: No such file or directory
compilation terminated.
checked program was:
/* begin */
1: #include "ruby.h"
2: 
3: #include <ldap_ssl.h>
/* end */

--------------------

have_header: checking for openssl/ssl.h... -------------------- yes

"gcc -E -I/home/wbx/openadk/host_i586_eglibc/include/ruby-1.9.1/x86_64-linux -I/home/wbx/openadk/host_i586_eglibc/include/ruby-1.9.1/ruby/backward -I/home/wbx/openadk/host_i586_eglibc/include/ruby-1.9.1 -I/home/wbx/openadk/build_pcengines-alix1c_i586_eglibc/w-ruby-ldap-0.9.8-1/ruby-ldap-0.9.8 -I/home/wbx/openadk/target_i586_eglibc/usr/include     -O3 -ggdb -Wextra -Wno-unused-parameter -Wno-parentheses -Wno-long-long -Wno-missing-field-initializers -Wpointer-arith -Wwrite-strings -Wdeclaration-after-statement -Wimplicit-function-declaration  conftest.c -o conftest.i"
In file included from /home/wbx/openadk/host_i586_eglibc/include/ruby-1.9.1/ruby/ruby.h:58:0,
                 from /home/wbx/openadk/host_i586_eglibc/include/ruby-1.9.1/ruby.h:32,
                 from conftest.c:1:
/home/wbx/openadk/target_i586_eglibc/usr/include/stdint.h:153:0: warning: "__INT64_C" redefined
<built-in>:0:0: note: this is the location of the previous definition
/home/wbx/openadk/target_i586_eglibc/usr/include/stdint.h:154:0: warning: "__UINT64_C" redefined
<built-in>:0:0: note: this is the location of the previous definition
checked program was:
/* begin */
1: #include "ruby.h"
2: 
3: #include <openssl/ssl.h>
/* end */

--------------------

have_header: checking for openssl/crypto.h... -------------------- yes

"gcc -E -I/home/wbx/openadk/host_i586_eglibc/include/ruby-1.9.1/x86_64-linux -I/home/wbx/openadk/host_i586_eglibc/include/ruby-1.9.1/ruby/backward -I/home/wbx/openadk/host_i586_eglibc/include/ruby-1.9.1 -I/home/wbx/openadk/build_pcengines-alix1c_i586_eglibc/w-ruby-ldap-0.9.8-1/ruby-ldap-0.9.8 -I/home/wbx/openadk/target_i586_eglibc/usr/include     -O3 -ggdb -Wextra -Wno-unused-parameter -Wno-parentheses -Wno-long-long -Wno-missing-field-initializers -Wpointer-arith -Wwrite-strings -Wdeclaration-after-statement -Wimplicit-function-declaration  conftest.c -o conftest.i"
In file included from /home/wbx/openadk/host_i586_eglibc/include/ruby-1.9.1/ruby/ruby.h:58:0,
                 from /home/wbx/openadk/host_i586_eglibc/include/ruby-1.9.1/ruby.h:32,
                 from conftest.c:1:
/home/wbx/openadk/target_i586_eglibc/usr/include/stdint.h:153:0: warning: "__INT64_C" redefined
<built-in>:0:0: note: this is the location of the previous definition
/home/wbx/openadk/target_i586_eglibc/usr/include/stdint.h:154:0: warning: "__UINT64_C" redefined
<built-in>:0:0: note: this is the location of the previous definition
checked program was:
/* begin */
1: #include "ruby.h"
2: 
3: #include <openssl/crypto.h>
/* end */

--------------------

have_library: checking for main() in -lcrypto... -------------------- yes

"gcc -o conftest -I/home/wbx/openadk/host_i586_eglibc/include/ruby-1.9.1/x86_64-linux -I/home/wbx/openadk/host_i586_eglibc/include/ruby-1.9.1/ruby/backward -I/home/wbx/openadk/host_i586_eglibc/include/ruby-1.9.1 -I/home/wbx/openadk/build_pcengines-alix1c_i586_eglibc/w-ruby-ldap-0.9.8-1/ruby-ldap-0.9.8 -I/home/wbx/openadk/target_i586_eglibc/usr/include     -O3 -ggdb -Wextra -Wno-unused-parameter -Wno-parentheses -Wno-long-long -Wno-missing-field-initializers -Wpointer-arith -Wwrite-strings -Wdeclaration-after-statement -Wimplicit-function-declaration conftest.c  -L. -L/home/wbx/openadk/host_i586_eglibc/lib -Wl,-R/home/wbx/openadk/host_i586_eglibc/lib -L.  -rdynamic -Wl,-export-dynamic     -Wl,-R -Wl,/home/wbx/openadk/host_i586_eglibc/lib -L/home/wbx/openadk/host_i586_eglibc/lib -lruby-static -lcrypto  -lpthread -lrt -ldl -lcrypt -lm   -lc"
In file included from /home/wbx/openadk/host_i586_eglibc/include/ruby-1.9.1/ruby/ruby.h:58:0,
                 from /home/wbx/openadk/host_i586_eglibc/include/ruby-1.9.1/ruby.h:32,
                 from conftest.c:1:
/home/wbx/openadk/target_i586_eglibc/usr/include/stdint.h:153:0: warning: "__INT64_C" redefined
<built-in>:0:0: note: this is the location of the previous definition
/home/wbx/openadk/target_i586_eglibc/usr/include/stdint.h:154:0: warning: "__UINT64_C" redefined
<built-in>:0:0: note: this is the location of the previous definition
checked program was:
/* begin */
1: #include "ruby.h"
2: 
3: /*top*/
4: int main() {return 0;}
5: int t() { void ((*volatile p)()); p = (void ((*)()))main; return 0; }
/* end */

--------------------

have_library: checking for main() in -lssl... -------------------- yes

"gcc -o conftest -I/home/wbx/openadk/host_i586_eglibc/include/ruby-1.9.1/x86_64-linux -I/home/wbx/openadk/host_i586_eglibc/include/ruby-1.9.1/ruby/backward -I/home/wbx/openadk/host_i586_eglibc/include/ruby-1.9.1 -I/home/wbx/openadk/build_pcengines-alix1c_i586_eglibc/w-ruby-ldap-0.9.8-1/ruby-ldap-0.9.8 -I/home/wbx/openadk/target_i586_eglibc/usr/include     -O3 -ggdb -Wextra -Wno-unused-parameter -Wno-parentheses -Wno-long-long -Wno-missing-field-initializers -Wpointer-arith -Wwrite-strings -Wdeclaration-after-statement -Wimplicit-function-declaration conftest.c  -L. -L/home/wbx/openadk/host_i586_eglibc/lib -Wl,-R/home/wbx/openadk/host_i586_eglibc/lib -L.  -rdynamic -Wl,-export-dynamic    -lcrypto  -Wl,-R -Wl,/home/wbx/openadk/host_i586_eglibc/lib -L/home/wbx/openadk/host_i586_eglibc/lib -lruby-static -lssl -lcrypto  -lpthread -lrt -ldl -lcrypt -lm   -lc"
In file included from /home/wbx/openadk/host_i586_eglibc/include/ruby-1.9.1/ruby/ruby.h:58:0,
                 from /home/wbx/openadk/host_i586_eglibc/include/ruby-1.9.1/ruby.h:32,
                 from conftest.c:1:
/home/wbx/openadk/target_i586_eglibc/usr/include/stdint.h:153:0: warning: "__INT64_C" redefined
<built-in>:0:0: note: this is the location of the previous definition
/home/wbx/openadk/target_i586_eglibc/usr/include/stdint.h:154:0: warning: "__UINT64_C" redefined
<built-in>:0:0: note: this is the location of the previous definition
checked program was:
/* begin */
1: #include "ruby.h"
2: 
3: /*top*/
4: int main() {return 0;}
5: int t() { void ((*volatile p)()); p = (void ((*)()))main; return 0; }
/* end */

--------------------

have_library: checking for main() in -lnsl... -------------------- no

"gcc -o conftest -I/home/wbx/openadk/host_i586_eglibc/include/ruby-1.9.1/x86_64-linux -I/home/wbx/openadk/host_i586_eglibc/include/ruby-1.9.1/ruby/backward -I/home/wbx/openadk/host_i586_eglibc/include/ruby-1.9.1 -I/home/wbx/openadk/build_pcengines-alix1c_i586_eglibc/w-ruby-ldap-0.9.8-1/ruby-ldap-0.9.8 -I/home/wbx/openadk/target_i586_eglibc/usr/include     -O3 -ggdb -Wextra -Wno-unused-parameter -Wno-parentheses -Wno-long-long -Wno-missing-field-initializers -Wpointer-arith -Wwrite-strings -Wdeclaration-after-statement -Wimplicit-function-declaration conftest.c  -L. -L/home/wbx/openadk/host_i586_eglibc/lib -Wl,-R/home/wbx/openadk/host_i586_eglibc/lib -L.  -rdynamic -Wl,-export-dynamic    -lssl -lcrypto  -Wl,-R -Wl,/home/wbx/openadk/host_i586_eglibc/lib -L/home/wbx/openadk/host_i586_eglibc/lib -lruby-static -lnsl -lssl -lcrypto  -lpthread -lrt -ldl -lcrypt -lm   -lc"
In file included from /home/wbx/openadk/host_i586_eglibc/include/ruby-1.9.1/ruby/ruby.h:58:0,
                 from /home/wbx/openadk/host_i586_eglibc/include/ruby-1.9.1/ruby.h:32,
                 from conftest.c:1:
/home/wbx/openadk/target_i586_eglibc/usr/include/stdint.h:153:0: warning: "__INT64_C" redefined
<built-in>:0:0: note: this is the location of the previous definition
/home/wbx/openadk/target_i586_eglibc/usr/include/stdint.h:154:0: warning: "__UINT64_C" redefined
<built-in>:0:0: note: this is the location of the previous definition
/usr/bin/ld: cannot find -lnsl
collect2: ld returned 1 exit status
checked program was:
/* begin */
1: #include "ruby.h"
2: 
3: /*top*/
4: int main() {return 0;}
5: int t() { void ((*volatile p)()); p = (void ((*)()))main; return 0; }
/* end */

"gcc -o conftest -I/home/wbx/openadk/host_i586_eglibc/include/ruby-1.9.1/x86_64-linux -I/home/wbx/openadk/host_i586_eglibc/include/ruby-1.9.1/ruby/backward -I/home/wbx/openadk/host_i586_eglibc/include/ruby-1.9.1 -I/home/wbx/openadk/build_pcengines-alix1c_i586_eglibc/w-ruby-ldap-0.9.8-1/ruby-ldap-0.9.8 -I/home/wbx/openadk/target_i586_eglibc/usr/include     -O3 -ggdb -Wextra -Wno-unused-parameter -Wno-parentheses -Wno-long-long -Wno-missing-field-initializers -Wpointer-arith -Wwrite-strings -Wdeclaration-after-statement -Wimplicit-function-declaration conftest.c  -L. -L/home/wbx/openadk/host_i586_eglibc/lib -Wl,-R/home/wbx/openadk/host_i586_eglibc/lib -L.  -rdynamic -Wl,-export-dynamic    -lssl -lcrypto  -Wl,-R -Wl,/home/wbx/openadk/host_i586_eglibc/lib -L/home/wbx/openadk/host_i586_eglibc/lib -lruby-static -lnsl -lssl -lcrypto  -lpthread -lrt -ldl -lcrypt -lm   -lc"
In file included from /home/wbx/openadk/host_i586_eglibc/include/ruby-1.9.1/ruby/ruby.h:58:0,
                 from /home/wbx/openadk/host_i586_eglibc/include/ruby-1.9.1/ruby.h:32,
                 from conftest.c:1:
/home/wbx/openadk/target_i586_eglibc/usr/include/stdint.h:153:0: warning: "__INT64_C" redefined
<built-in>:0:0: note: this is the location of the previous definition
/home/wbx/openadk/target_i586_eglibc/usr/include/stdint.h:154:0: warning: "__UINT64_C" redefined
<built-in>:0:0: note: this is the location of the previous definition
/usr/bin/ld: cannot find -lnsl
collect2: ld returned 1 exit status
checked program was:
/* begin */
1: #include "ruby.h"
2: 
3: /*top*/
4: int main() {return 0;}
5: int t() { main(); return 0; }
/* end */

--------------------

have_library: checking for main() in -lpthread... -------------------- yes

"gcc -o conftest -I/home/wbx/openadk/host_i586_eglibc/include/ruby-1.9.1/x86_64-linux -I/home/wbx/openadk/host_i586_eglibc/include/ruby-1.9.1/ruby/backward -I/home/wbx/openadk/host_i586_eglibc/include/ruby-1.9.1 -I/home/wbx/openadk/build_pcengines-alix1c_i586_eglibc/w-ruby-ldap-0.9.8-1/ruby-ldap-0.9.8 -I/home/wbx/openadk/target_i586_eglibc/usr/include     -O3 -ggdb -Wextra -Wno-unused-parameter -Wno-parentheses -Wno-long-long -Wno-missing-field-initializers -Wpointer-arith -Wwrite-strings -Wdeclaration-after-statement -Wimplicit-function-declaration conftest.c  -L. -L/home/wbx/openadk/host_i586_eglibc/lib -Wl,-R/home/wbx/openadk/host_i586_eglibc/lib -L.  -rdynamic -Wl,-export-dynamic    -lssl -lcrypto  -Wl,-R -Wl,/home/wbx/openadk/host_i586_eglibc/lib -L/home/wbx/openadk/host_i586_eglibc/lib -lruby-static -lpthread -lssl -lcrypto  -lpthread -lrt -ldl -lcrypt -lm   -lc"
In file included from /home/wbx/openadk/host_i586_eglibc/include/ruby-1.9.1/ruby/ruby.h:58:0,
                 from /home/wbx/openadk/host_i586_eglibc/include/ruby-1.9.1/ruby.h:32,
                 from conftest.c:1:
/home/wbx/openadk/target_i586_eglibc/usr/include/stdint.h:153:0: warning: "__INT64_C" redefined
<built-in>:0:0: note: this is the location of the previous definition
/home/wbx/openadk/target_i586_eglibc/usr/include/stdint.h:154:0: warning: "__UINT64_C" redefined
<built-in>:0:0: note: this is the location of the previous definition
checked program was:
/* begin */
1: #include "ruby.h"
2: 
3: /*top*/
4: int main() {return 0;}
5: int t() { void ((*volatile p)()); p = (void ((*)()))main; return 0; }
/* end */

--------------------

have_library: checking for main() in -lresolv... -------------------- yes

"gcc -o conftest -I/home/wbx/openadk/host_i586_eglibc/include/ruby-1.9.1/x86_64-linux -I/home/wbx/openadk/host_i586_eglibc/include/ruby-1.9.1/ruby/backward -I/home/wbx/openadk/host_i586_eglibc/include/ruby-1.9.1 -I/home/wbx/openadk/build_pcengines-alix1c_i586_eglibc/w-ruby-ldap-0.9.8-1/ruby-ldap-0.9.8 -I/home/wbx/openadk/target_i586_eglibc/usr/include     -O3 -ggdb -Wextra -Wno-unused-parameter -Wno-parentheses -Wno-long-long -Wno-missing-field-initializers -Wpointer-arith -Wwrite-strings -Wdeclaration-after-statement -Wimplicit-function-declaration conftest.c  -L. -L/home/wbx/openadk/host_i586_eglibc/lib -Wl,-R/home/wbx/openadk/host_i586_eglibc/lib -L.  -rdynamic -Wl,-export-dynamic    -lpthread -lssl -lcrypto  -Wl,-R -Wl,/home/wbx/openadk/host_i586_eglibc/lib -L/home/wbx/openadk/host_i586_eglibc/lib -lruby-static -lresolv -lpthread -lssl -lcrypto  -lpthread -lrt -ldl -lcrypt -lm   -lc"
In file included from /home/wbx/openadk/host_i586_eglibc/include/ruby-1.9.1/ruby/ruby.h:58:0,
                 from /home/wbx/openadk/host_i586_eglibc/include/ruby-1.9.1/ruby.h:32,
                 from conftest.c:1:
/home/wbx/openadk/target_i586_eglibc/usr/include/stdint.h:153:0: warning: "__INT64_C" redefined
<built-in>:0:0: note: this is the location of the previous definition
/home/wbx/openadk/target_i586_eglibc/usr/include/stdint.h:154:0: warning: "__UINT64_C" redefined
<built-in>:0:0: note: this is the location of the previous definition
checked program was:
/* begin */
1: #include "ruby.h"
2: 
3: /*top*/
4: int main() {return 0;}
5: int t() { void ((*volatile p)()); p = (void ((*)()))main; return 0; }
/* end */

--------------------

have_library: checking for main() in -llber... -------------------- no

"gcc -o conftest -I/home/wbx/openadk/host_i586_eglibc/include/ruby-1.9.1/x86_64-linux -I/home/wbx/openadk/host_i586_eglibc/include/ruby-1.9.1/ruby/backward -I/home/wbx/openadk/host_i586_eglibc/include/ruby-1.9.1 -I/home/wbx/openadk/build_pcengines-alix1c_i586_eglibc/w-ruby-ldap-0.9.8-1/ruby-ldap-0.9.8 -I/home/wbx/openadk/target_i586_eglibc/usr/include     -O3 -ggdb -Wextra -Wno-unused-parameter -Wno-parentheses -Wno-long-long -Wno-missing-field-initializers -Wpointer-arith -Wwrite-strings -Wdeclaration-after-statement -Wimplicit-function-declaration conftest.c  -L. -L/home/wbx/openadk/host_i586_eglibc/lib -Wl,-R/home/wbx/openadk/host_i586_eglibc/lib -L.  -rdynamic -Wl,-export-dynamic    -lresolv -lpthread -lssl -lcrypto  -Wl,-R -Wl,/home/wbx/openadk/host_i586_eglibc/lib -L/home/wbx/openadk/host_i586_eglibc/lib -lruby-static -llber -lresolv -lpthread -lssl -lcrypto  -lpthread -lrt -ldl -lcrypt -lm   -lc"
In file included from /home/wbx/openadk/host_i586_eglibc/include/ruby-1.9.1/ruby/ruby.h:58:0,
                 from /home/wbx/openadk/host_i586_eglibc/include/ruby-1.9.1/ruby.h:32,
                 from conftest.c:1:
/home/wbx/openadk/target_i586_eglibc/usr/include/stdint.h:153:0: warning: "__INT64_C" redefined
<built-in>:0:0: note: this is the location of the previous definition
/home/wbx/openadk/target_i586_eglibc/usr/include/stdint.h:154:0: warning: "__UINT64_C" redefined
<built-in>:0:0: note: this is the location of the previous definition
/usr/bin/ld: cannot find -llber
collect2: ld returned 1 exit status
checked program was:
/* begin */
1: #include "ruby.h"
2: 
3: /*top*/
4: int main() {return 0;}
5: int t() { void ((*volatile p)()); p = (void ((*)()))main; return 0; }
/* end */

"gcc -o conftest -I/home/wbx/openadk/host_i586_eglibc/include/ruby-1.9.1/x86_64-linux -I/home/wbx/openadk/host_i586_eglibc/include/ruby-1.9.1/ruby/backward -I/home/wbx/openadk/host_i586_eglibc/include/ruby-1.9.1 -I/home/wbx/openadk/build_pcengines-alix1c_i586_eglibc/w-ruby-ldap-0.9.8-1/ruby-ldap-0.9.8 -I/home/wbx/openadk/target_i586_eglibc/usr/include     -O3 -ggdb -Wextra -Wno-unused-parameter -Wno-parentheses -Wno-long-long -Wno-missing-field-initializers -Wpointer-arith -Wwrite-strings -Wdeclaration-after-statement -Wimplicit-function-declaration conftest.c  -L. -L/home/wbx/openadk/host_i586_eglibc/lib -Wl,-R/home/wbx/openadk/host_i586_eglibc/lib -L.  -rdynamic -Wl,-export-dynamic    -lresolv -lpthread -lssl -lcrypto  -Wl,-R -Wl,/home/wbx/openadk/host_i586_eglibc/lib -L/home/wbx/openadk/host_i586_eglibc/lib -lruby-static -llber -lresolv -lpthread -lssl -lcrypto  -lpthread -lrt -ldl -lcrypt -lm   -lc"
In file included from /home/wbx/openadk/host_i586_eglibc/include/ruby-1.9.1/ruby/ruby.h:58:0,
                 from /home/wbx/openadk/host_i586_eglibc/include/ruby-1.9.1/ruby.h:32,
                 from conftest.c:1:
/home/wbx/openadk/target_i586_eglibc/usr/include/stdint.h:153:0: warning: "__INT64_C" redefined
<built-in>:0:0: note: this is the location of the previous definition
/home/wbx/openadk/target_i586_eglibc/usr/include/stdint.h:154:0: warning: "__UINT64_C" redefined
<built-in>:0:0: note: this is the location of the previous definition
/usr/bin/ld: cannot find -llber
collect2: ld returned 1 exit status
checked program was:
/* begin */
1: #include "ruby.h"
2: 
3: /*top*/
4: int main() {return 0;}
5: int t() { main(); return 0; }
/* end */

--------------------

have_library: checking for main() in -lldap_r... -------------------- no

"gcc -o conftest -I/home/wbx/openadk/host_i586_eglibc/include/ruby-1.9.1/x86_64-linux -I/home/wbx/openadk/host_i586_eglibc/include/ruby-1.9.1/ruby/backward -I/home/wbx/openadk/host_i586_eglibc/include/ruby-1.9.1 -I/home/wbx/openadk/build_pcengines-alix1c_i586_eglibc/w-ruby-ldap-0.9.8-1/ruby-ldap-0.9.8 -I/home/wbx/openadk/target_i586_eglibc/usr/include     -O3 -ggdb -Wextra -Wno-unused-parameter -Wno-parentheses -Wno-long-long -Wno-missing-field-initializers -Wpointer-arith -Wwrite-strings -Wdeclaration-after-statement -Wimplicit-function-declaration conftest.c  -L. -L/home/wbx/openadk/host_i586_eglibc/lib -Wl,-R/home/wbx/openadk/host_i586_eglibc/lib -L.  -rdynamic -Wl,-export-dynamic    -lresolv -lpthread -lssl -lcrypto  -Wl,-R -Wl,/home/wbx/openadk/host_i586_eglibc/lib -L/home/wbx/openadk/host_i586_eglibc/lib -lruby-static -lldap_r -lresolv -lpthread -lssl -lcrypto  -lpthread -lrt -ldl -lcrypt -lm   -lc"
In file included from /home/wbx/openadk/host_i586_eglibc/include/ruby-1.9.1/ruby/ruby.h:58:0,
                 from /home/wbx/openadk/host_i586_eglibc/include/ruby-1.9.1/ruby.h:32,
                 from conftest.c:1:
/home/wbx/openadk/target_i586_eglibc/usr/include/stdint.h:153:0: warning: "__INT64_C" redefined
<built-in>:0:0: note: this is the location of the previous definition
/home/wbx/openadk/target_i586_eglibc/usr/include/stdint.h:154:0: warning: "__UINT64_C" redefined
<built-in>:0:0: note: this is the location of the previous definition
/usr/bin/ld: cannot find -lldap_r
collect2: ld returned 1 exit status
checked program was:
/* begin */
1: #include "ruby.h"
2: 
3: /*top*/
4: int main() {return 0;}
5: int t() { void ((*volatile p)()); p = (void ((*)()))main; return 0; }
/* end */

"gcc -o conftest -I/home/wbx/openadk/host_i586_eglibc/include/ruby-1.9.1/x86_64-linux -I/home/wbx/openadk/host_i586_eglibc/include/ruby-1.9.1/ruby/backward -I/home/wbx/openadk/host_i586_eglibc/include/ruby-1.9.1 -I/home/wbx/openadk/build_pcengines-alix1c_i586_eglibc/w-ruby-ldap-0.9.8-1/ruby-ldap-0.9.8 -I/home/wbx/openadk/target_i586_eglibc/usr/include     -O3 -ggdb -Wextra -Wno-unused-parameter -Wno-parentheses -Wno-long-long -Wno-missing-field-initializers -Wpointer-arith -Wwrite-strings -Wdeclaration-after-statement -Wimplicit-function-declaration conftest.c  -L. -L/home/wbx/openadk/host_i586_eglibc/lib -Wl,-R/home/wbx/openadk/host_i586_eglibc/lib -L.  -rdynamic -Wl,-export-dynamic    -lresolv -lpthread -lssl -lcrypto  -Wl,-R -Wl,/home/wbx/openadk/host_i586_eglibc/lib -L/home/wbx/openadk/host_i586_eglibc/lib -lruby-static -lldap_r -lresolv -lpthread -lssl -lcrypto  -lpthread -lrt -ldl -lcrypt -lm   -lc"
In file included from /home/wbx/openadk/host_i586_eglibc/include/ruby-1.9.1/ruby/ruby.h:58:0,
                 from /home/wbx/openadk/host_i586_eglibc/include/ruby-1.9.1/ruby.h:32,
                 from conftest.c:1:
/home/wbx/openadk/target_i586_eglibc/usr/include/stdint.h:153:0: warning: "__INT64_C" redefined
<built-in>:0:0: note: this is the location of the previous definition
/home/wbx/openadk/target_i586_eglibc/usr/include/stdint.h:154:0: warning: "__UINT64_C" redefined
<built-in>:0:0: note: this is the location of the previous definition
/usr/bin/ld: cannot find -lldap_r
collect2: ld returned 1 exit status
checked program was:
/* begin */
1: #include "ruby.h"
2: 
3: /*top*/
4: int main() {return 0;}
5: int t() { main(); return 0; }
/* end */

--------------------

have_library: checking for main() in -lldap... -------------------- no

"gcc -o conftest -I/home/wbx/openadk/host_i586_eglibc/include/ruby-1.9.1/x86_64-linux -I/home/wbx/openadk/host_i586_eglibc/include/ruby-1.9.1/ruby/backward -I/home/wbx/openadk/host_i586_eglibc/include/ruby-1.9.1 -I/home/wbx/openadk/build_pcengines-alix1c_i586_eglibc/w-ruby-ldap-0.9.8-1/ruby-ldap-0.9.8 -I/home/wbx/openadk/target_i586_eglibc/usr/include     -O3 -ggdb -Wextra -Wno-unused-parameter -Wno-parentheses -Wno-long-long -Wno-missing-field-initializers -Wpointer-arith -Wwrite-strings -Wdeclaration-after-statement -Wimplicit-function-declaration conftest.c  -L. -L/home/wbx/openadk/host_i586_eglibc/lib -Wl,-R/home/wbx/openadk/host_i586_eglibc/lib -L.  -rdynamic -Wl,-export-dynamic    -lresolv -lpthread -lssl -lcrypto  -Wl,-R -Wl,/home/wbx/openadk/host_i586_eglibc/lib -L/home/wbx/openadk/host_i586_eglibc/lib -lruby-static -lldap -lresolv -lpthread -lssl -lcrypto  -lpthread -lrt -ldl -lcrypt -lm   -lc"
In file included from /home/wbx/openadk/host_i586_eglibc/include/ruby-1.9.1/ruby/ruby.h:58:0,
                 from /home/wbx/openadk/host_i586_eglibc/include/ruby-1.9.1/ruby.h:32,
                 from conftest.c:1:
/home/wbx/openadk/target_i586_eglibc/usr/include/stdint.h:153:0: warning: "__INT64_C" redefined
<built-in>:0:0: note: this is the location of the previous definition
/home/wbx/openadk/target_i586_eglibc/usr/include/stdint.h:154:0: warning: "__UINT64_C" redefined
<built-in>:0:0: note: this is the location of the previous definition
/usr/bin/ld: cannot find -lldap
collect2: ld returned 1 exit status
checked program was:
/* begin */
1: #include "ruby.h"
2: 
3: /*top*/
4: int main() {return 0;}
5: int t() { void ((*volatile p)()); p = (void ((*)()))main; return 0; }
/* end */

"gcc -o conftest -I/home/wbx/openadk/host_i586_eglibc/include/ruby-1.9.1/x86_64-linux -I/home/wbx/openadk/host_i586_eglibc/include/ruby-1.9.1/ruby/backward -I/home/wbx/openadk/host_i586_eglibc/include/ruby-1.9.1 -I/home/wbx/openadk/build_pcengines-alix1c_i586_eglibc/w-ruby-ldap-0.9.8-1/ruby-ldap-0.9.8 -I/home/wbx/openadk/target_i586_eglibc/usr/include     -O3 -ggdb -Wextra -Wno-unused-parameter -Wno-parentheses -Wno-long-long -Wno-missing-field-initializers -Wpointer-arith -Wwrite-strings -Wdeclaration-after-statement -Wimplicit-function-declaration conftest.c  -L. -L/home/wbx/openadk/host_i586_eglibc/lib -Wl,-R/home/wbx/openadk/host_i586_eglibc/lib -L.  -rdynamic -Wl,-export-dynamic    -lresolv -lpthread -lssl -lcrypto  -Wl,-R -Wl,/home/wbx/openadk/host_i586_eglibc/lib -L/home/wbx/openadk/host_i586_eglibc/lib -lruby-static -lldap -lresolv -lpthread -lssl -lcrypto  -lpthread -lrt -ldl -lcrypt -lm   -lc"
In file included from /home/wbx/openadk/host_i586_eglibc/include/ruby-1.9.1/ruby/ruby.h:58:0,
                 from /home/wbx/openadk/host_i586_eglibc/include/ruby-1.9.1/ruby.h:32,
                 from conftest.c:1:
/home/wbx/openadk/target_i586_eglibc/usr/include/stdint.h:153:0: warning: "__INT64_C" redefined
<built-in>:0:0: note: this is the location of the previous definition
/home/wbx/openadk/target_i586_eglibc/usr/include/stdint.h:154:0: warning: "__UINT64_C" redefined
<built-in>:0:0: note: this is the location of the previous definition
/usr/bin/ld: cannot find -lldap
collect2: ld returned 1 exit status
checked program was:
/* begin */
1: #include "ruby.h"
2: 
3: /*top*/
4: int main() {return 0;}
5: int t() { main(); return 0; }
/* end */

--------------------

have_func: checking for ldap_init()... -------------------- no

"gcc -o conftest -I/home/wbx/openadk/host_i586_eglibc/include/ruby-1.9.1/x86_64-linux -I/home/wbx/openadk/host_i586_eglibc/include/ruby-1.9.1/ruby/backward -I/home/wbx/openadk/host_i586_eglibc/include/ruby-1.9.1 -I/home/wbx/openadk/build_pcengines-alix1c_i586_eglibc/w-ruby-ldap-0.9.8-1/ruby-ldap-0.9.8 -I/home/wbx/openadk/target_i586_eglibc/usr/include     -O3 -ggdb -Wextra -Wno-unused-parameter -Wno-parentheses -Wno-long-long -Wno-missing-field-initializers -Wpointer-arith -Wwrite-strings -Wdeclaration-after-statement -Wimplicit-function-declaration conftest.c  -L. -L/home/wbx/openadk/host_i586_eglibc/lib -Wl,-R/home/wbx/openadk/host_i586_eglibc/lib -L.  -rdynamic -Wl,-export-dynamic    -lresolv -lpthread -lssl -lcrypto  -Wl,-R -Wl,/home/wbx/openadk/host_i586_eglibc/lib -L/home/wbx/openadk/host_i586_eglibc/lib -lruby-static -lresolv -lpthread -lssl -lcrypto  -lpthread -lrt -ldl -lcrypt -lm   -lc"
In file included from /home/wbx/openadk/host_i586_eglibc/include/ruby-1.9.1/ruby/ruby.h:58:0,
                 from /home/wbx/openadk/host_i586_eglibc/include/ruby-1.9.1/ruby.h:32,
                 from conftest.c:1:
/home/wbx/openadk/target_i586_eglibc/usr/include/stdint.h:153:0: warning: "__INT64_C" redefined
<built-in>:0:0: note: this is the location of the previous definition
/home/wbx/openadk/target_i586_eglibc/usr/include/stdint.h:154:0: warning: "__UINT64_C" redefined
<built-in>:0:0: note: this is the location of the previous definition
conftest.c: In function 't':
conftest.c:5:53: error: 'ldap_init' undeclared (first use in this function)
conftest.c:5:53: note: each undeclared identifier is reported only once for each function it appears in
checked program was:
/* begin */
1: #include "ruby.h"
2: 
3: /*top*/
4: int main() {return 0;}
5: int t() { void ((*volatile p)()); p = (void ((*)()))ldap_init; return 0; }
/* end */

"gcc -o conftest -I/home/wbx/openadk/host_i586_eglibc/include/ruby-1.9.1/x86_64-linux -I/home/wbx/openadk/host_i586_eglibc/include/ruby-1.9.1/ruby/backward -I/home/wbx/openadk/host_i586_eglibc/include/ruby-1.9.1 -I/home/wbx/openadk/build_pcengines-alix1c_i586_eglibc/w-ruby-ldap-0.9.8-1/ruby-ldap-0.9.8 -I/home/wbx/openadk/target_i586_eglibc/usr/include     -O3 -ggdb -Wextra -Wno-unused-parameter -Wno-parentheses -Wno-long-long -Wno-missing-field-initializers -Wpointer-arith -Wwrite-strings -Wdeclaration-after-statement -Wimplicit-function-declaration conftest.c  -L. -L/home/wbx/openadk/host_i586_eglibc/lib -Wl,-R/home/wbx/openadk/host_i586_eglibc/lib -L.  -rdynamic -Wl,-export-dynamic    -lresolv -lpthread -lssl -lcrypto  -Wl,-R -Wl,/home/wbx/openadk/host_i586_eglibc/lib -L/home/wbx/openadk/host_i586_eglibc/lib -lruby-static -lresolv -lpthread -lssl -lcrypto  -lpthread -lrt -ldl -lcrypt -lm   -lc"
In file included from /home/wbx/openadk/host_i586_eglibc/include/ruby-1.9.1/ruby/ruby.h:58:0,
                 from /home/wbx/openadk/host_i586_eglibc/include/ruby-1.9.1/ruby.h:32,
                 from conftest.c:1:
/home/wbx/openadk/target_i586_eglibc/usr/include/stdint.h:153:0: warning: "__INT64_C" redefined
<built-in>:0:0: note: this is the location of the previous definition
/home/wbx/openadk/target_i586_eglibc/usr/include/stdint.h:154:0: warning: "__UINT64_C" redefined
<built-in>:0:0: note: this is the location of the previous definition
conftest.c: In function 't':
conftest.c:5:1: warning: implicit declaration of function 'ldap_init'
/tmp/cczyGi6h.o: In function `t':
/home/wbx/openadk/package/ruby-ldap/conftest.c:5: undefined reference to `ldap_init'
collect2: ld returned 1 exit status
checked program was:
/* begin */
1: #include "ruby.h"
2: 
3: /*top*/
4: int main() {return 0;}
5: int t() { ldap_init(); return 0; }
/* end */

--------------------

have_func: checking for ldap_set_option()... -------------------- no

"gcc -o conftest -I/home/wbx/openadk/host_i586_eglibc/include/ruby-1.9.1/x86_64-linux -I/home/wbx/openadk/host_i586_eglibc/include/ruby-1.9.1/ruby/backward -I/home/wbx/openadk/host_i586_eglibc/include/ruby-1.9.1 -I/home/wbx/openadk/build_pcengines-alix1c_i586_eglibc/w-ruby-ldap-0.9.8-1/ruby-ldap-0.9.8 -I/home/wbx/openadk/target_i586_eglibc/usr/include     -O3 -ggdb -Wextra -Wno-unused-parameter -Wno-parentheses -Wno-long-long -Wno-missing-field-initializers -Wpointer-arith -Wwrite-strings -Wdeclaration-after-statement -Wimplicit-function-declaration conftest.c  -L. -L/home/wbx/openadk/host_i586_eglibc/lib -Wl,-R/home/wbx/openadk/host_i586_eglibc/lib -L.  -rdynamic -Wl,-export-dynamic    -lresolv -lpthread -lssl -lcrypto  -Wl,-R -Wl,/home/wbx/openadk/host_i586_eglibc/lib -L/home/wbx/openadk/host_i586_eglibc/lib -lruby-static -lresolv -lpthread -lssl -lcrypto  -lpthread -lrt -ldl -lcrypt -lm   -lc"
In file included from /home/wbx/openadk/host_i586_eglibc/include/ruby-1.9.1/ruby/ruby.h:58:0,
                 from /home/wbx/openadk/host_i586_eglibc/include/ruby-1.9.1/ruby.h:32,
                 from conftest.c:1:
/home/wbx/openadk/target_i586_eglibc/usr/include/stdint.h:153:0: warning: "__INT64_C" redefined
<built-in>:0:0: note: this is the location of the previous definition
/home/wbx/openadk/target_i586_eglibc/usr/include/stdint.h:154:0: warning: "__UINT64_C" redefined
<built-in>:0:0: note: this is the location of the previous definition
conftest.c: In function 't':
conftest.c:5:53: error: 'ldap_set_option' undeclared (first use in this function)
conftest.c:5:53: note: each undeclared identifier is reported only once for each function it appears in
checked program was:
/* begin */
1: #include "ruby.h"
2: 
3: /*top*/
4: int main() {return 0;}
5: int t() { void ((*volatile p)()); p = (void ((*)()))ldap_set_option; return 0; }
/* end */

"gcc -o conftest -I/home/wbx/openadk/host_i586_eglibc/include/ruby-1.9.1/x86_64-linux -I/home/wbx/openadk/host_i586_eglibc/include/ruby-1.9.1/ruby/backward -I/home/wbx/openadk/host_i586_eglibc/include/ruby-1.9.1 -I/home/wbx/openadk/build_pcengines-alix1c_i586_eglibc/w-ruby-ldap-0.9.8-1/ruby-ldap-0.9.8 -I/home/wbx/openadk/target_i586_eglibc/usr/include     -O3 -ggdb -Wextra -Wno-unused-parameter -Wno-parentheses -Wno-long-long -Wno-missing-field-initializers -Wpointer-arith -Wwrite-strings -Wdeclaration-after-statement -Wimplicit-function-declaration conftest.c  -L. -L/home/wbx/openadk/host_i586_eglibc/lib -Wl,-R/home/wbx/openadk/host_i586_eglibc/lib -L.  -rdynamic -Wl,-export-dynamic    -lresolv -lpthread -lssl -lcrypto  -Wl,-R -Wl,/home/wbx/openadk/host_i586_eglibc/lib -L/home/wbx/openadk/host_i586_eglibc/lib -lruby-static -lresolv -lpthread -lssl -lcrypto  -lpthread -lrt -ldl -lcrypt -lm   -lc"
In file included from /home/wbx/openadk/host_i586_eglibc/include/ruby-1.9.1/ruby/ruby.h:58:0,
                 from /home/wbx/openadk/host_i586_eglibc/include/ruby-1.9.1/ruby.h:32,
                 from conftest.c:1:
/home/wbx/openadk/target_i586_eglibc/usr/include/stdint.h:153:0: warning: "__INT64_C" redefined
<built-in>:0:0: note: this is the location of the previous definition
/home/wbx/openadk/target_i586_eglibc/usr/include/stdint.h:154:0: warning: "__UINT64_C" redefined
<built-in>:0:0: note: this is the location of the previous definition
conftest.c: In function 't':
conftest.c:5:1: warning: implicit declaration of function 'ldap_set_option'
/tmp/ccZARfGk.o: In function `t':
/home/wbx/openadk/package/ruby-ldap/conftest.c:5: undefined reference to `ldap_set_option'
collect2: ld returned 1 exit status
checked program was:
/* begin */
1: #include "ruby.h"
2: 
3: /*top*/
4: int main() {return 0;}
5: int t() { ldap_set_option(); return 0; }
/* end */

--------------------

have_func: checking for ldap_get_option()... -------------------- no

"gcc -o conftest -I/home/wbx/openadk/host_i586_eglibc/include/ruby-1.9.1/x86_64-linux -I/home/wbx/openadk/host_i586_eglibc/include/ruby-1.9.1/ruby/backward -I/home/wbx/openadk/host_i586_eglibc/include/ruby-1.9.1 -I/home/wbx/openadk/build_pcengines-alix1c_i586_eglibc/w-ruby-ldap-0.9.8-1/ruby-ldap-0.9.8 -I/home/wbx/openadk/target_i586_eglibc/usr/include     -O3 -ggdb -Wextra -Wno-unused-parameter -Wno-parentheses -Wno-long-long -Wno-missing-field-initializers -Wpointer-arith -Wwrite-strings -Wdeclaration-after-statement -Wimplicit-function-declaration conftest.c  -L. -L/home/wbx/openadk/host_i586_eglibc/lib -Wl,-R/home/wbx/openadk/host_i586_eglibc/lib -L.  -rdynamic -Wl,-export-dynamic    -lresolv -lpthread -lssl -lcrypto  -Wl,-R -Wl,/home/wbx/openadk/host_i586_eglibc/lib -L/home/wbx/openadk/host_i586_eglibc/lib -lruby-static -lresolv -lpthread -lssl -lcrypto  -lpthread -lrt -ldl -lcrypt -lm   -lc"
In file included from /home/wbx/openadk/host_i586_eglibc/include/ruby-1.9.1/ruby/ruby.h:58:0,
                 from /home/wbx/openadk/host_i586_eglibc/include/ruby-1.9.1/ruby.h:32,
                 from conftest.c:1:
/home/wbx/openadk/target_i586_eglibc/usr/include/stdint.h:153:0: warning: "__INT64_C" redefined
<built-in>:0:0: note: this is the location of the previous definition
/home/wbx/openadk/target_i586_eglibc/usr/include/stdint.h:154:0: warning: "__UINT64_C" redefined
<built-in>:0:0: note: this is the location of the previous definition
conftest.c: In function 't':
conftest.c:5:53: error: 'ldap_get_option' undeclared (first use in this function)
conftest.c:5:53: note: each undeclared identifier is reported only once for each function it appears in
checked program was:
/* begin */
1: #include "ruby.h"
2: 
3: /*top*/
4: int main() {return 0;}
5: int t() { void ((*volatile p)()); p = (void ((*)()))ldap_get_option; return 0; }
/* end */

"gcc -o conftest -I/home/wbx/openadk/host_i586_eglibc/include/ruby-1.9.1/x86_64-linux -I/home/wbx/openadk/host_i586_eglibc/include/ruby-1.9.1/ruby/backward -I/home/wbx/openadk/host_i586_eglibc/include/ruby-1.9.1 -I/home/wbx/openadk/build_pcengines-alix1c_i586_eglibc/w-ruby-ldap-0.9.8-1/ruby-ldap-0.9.8 -I/home/wbx/openadk/target_i586_eglibc/usr/include     -O3 -ggdb -Wextra -Wno-unused-parameter -Wno-parentheses -Wno-long-long -Wno-missing-field-initializers -Wpointer-arith -Wwrite-strings -Wdeclaration-after-statement -Wimplicit-function-declaration conftest.c  -L. -L/home/wbx/openadk/host_i586_eglibc/lib -Wl,-R/home/wbx/openadk/host_i586_eglibc/lib -L.  -rdynamic -Wl,-export-dynamic    -lresolv -lpthread -lssl -lcrypto  -Wl,-R -Wl,/home/wbx/openadk/host_i586_eglibc/lib -L/home/wbx/openadk/host_i586_eglibc/lib -lruby-static -lresolv -lpthread -lssl -lcrypto  -lpthread -lrt -ldl -lcrypt -lm   -lc"
In file included from /home/wbx/openadk/host_i586_eglibc/include/ruby-1.9.1/ruby/ruby.h:58:0,
                 from /home/wbx/openadk/host_i586_eglibc/include/ruby-1.9.1/ruby.h:32,
                 from conftest.c:1:
/home/wbx/openadk/target_i586_eglibc/usr/include/stdint.h:153:0: warning: "__INT64_C" redefined
<built-in>:0:0: note: this is the location of the previous definition
/home/wbx/openadk/target_i586_eglibc/usr/include/stdint.h:154:0: warning: "__UINT64_C" redefined
<built-in>:0:0: note: this is the location of the previous definition
conftest.c: In function 't':
conftest.c:5:1: warning: implicit declaration of function 'ldap_get_option'
/tmp/ccY8BHKt.o: In function `t':
/home/wbx/openadk/package/ruby-ldap/conftest.c:5: undefined reference to `ldap_get_option'
collect2: ld returned 1 exit status
checked program was:
/* begin */
1: #include "ruby.h"
2: 
3: /*top*/
4: int main() {return 0;}
5: int t() { ldap_get_option(); return 0; }
/* end */

--------------------

have_func: checking for ldap_start_tls_s()... -------------------- no

"gcc -o conftest -I/home/wbx/openadk/host_i586_eglibc/include/ruby-1.9.1/x86_64-linux -I/home/wbx/openadk/host_i586_eglibc/include/ruby-1.9.1/ruby/backward -I/home/wbx/openadk/host_i586_eglibc/include/ruby-1.9.1 -I/home/wbx/openadk/build_pcengines-alix1c_i586_eglibc/w-ruby-ldap-0.9.8-1/ruby-ldap-0.9.8 -I/home/wbx/openadk/target_i586_eglibc/usr/include     -O3 -ggdb -Wextra -Wno-unused-parameter -Wno-parentheses -Wno-long-long -Wno-missing-field-initializers -Wpointer-arith -Wwrite-strings -Wdeclaration-after-statement -Wimplicit-function-declaration conftest.c  -L. -L/home/wbx/openadk/host_i586_eglibc/lib -Wl,-R/home/wbx/openadk/host_i586_eglibc/lib -L.  -rdynamic -Wl,-export-dynamic    -lresolv -lpthread -lssl -lcrypto  -Wl,-R -Wl,/home/wbx/openadk/host_i586_eglibc/lib -L/home/wbx/openadk/host_i586_eglibc/lib -lruby-static -lresolv -lpthread -lssl -lcrypto  -lpthread -lrt -ldl -lcrypt -lm   -lc"
In file included from /home/wbx/openadk/host_i586_eglibc/include/ruby-1.9.1/ruby/ruby.h:58:0,
                 from /home/wbx/openadk/host_i586_eglibc/include/ruby-1.9.1/ruby.h:32,
                 from conftest.c:1:
/home/wbx/openadk/target_i586_eglibc/usr/include/stdint.h:153:0: warning: "__INT64_C" redefined
<built-in>:0:0: note: this is the location of the previous definition
/home/wbx/openadk/target_i586_eglibc/usr/include/stdint.h:154:0: warning: "__UINT64_C" redefined
<built-in>:0:0: note: this is the location of the previous definition
conftest.c: In function 't':
conftest.c:5:53: error: 'ldap_start_tls_s' undeclared (first use in this function)
conftest.c:5:53: note: each undeclared identifier is reported only once for each function it appears in
checked program was:
/* begin */
1: #include "ruby.h"
2: 
3: /*top*/
4: int main() {return 0;}
5: int t() { void ((*volatile p)()); p = (void ((*)()))ldap_start_tls_s; return 0; }
/* end */

"gcc -o conftest -I/home/wbx/openadk/host_i586_eglibc/include/ruby-1.9.1/x86_64-linux -I/home/wbx/openadk/host_i586_eglibc/include/ruby-1.9.1/ruby/backward -I/home/wbx/openadk/host_i586_eglibc/include/ruby-1.9.1 -I/home/wbx/openadk/build_pcengines-alix1c_i586_eglibc/w-ruby-ldap-0.9.8-1/ruby-ldap-0.9.8 -I/home/wbx/openadk/target_i586_eglibc/usr/include     -O3 -ggdb -Wextra -Wno-unused-parameter -Wno-parentheses -Wno-long-long -Wno-missing-field-initializers -Wpointer-arith -Wwrite-strings -Wdeclaration-after-statement -Wimplicit-function-declaration conftest.c  -L. -L/home/wbx/openadk/host_i586_eglibc/lib -Wl,-R/home/wbx/openadk/host_i586_eglibc/lib -L.  -rdynamic -Wl,-export-dynamic    -lresolv -lpthread -lssl -lcrypto  -Wl,-R -Wl,/home/wbx/openadk/host_i586_eglibc/lib -L/home/wbx/openadk/host_i586_eglibc/lib -lruby-static -lresolv -lpthread -lssl -lcrypto  -lpthread -lrt -ldl -lcrypt -lm   -lc"
In file included from /home/wbx/openadk/host_i586_eglibc/include/ruby-1.9.1/ruby/ruby.h:58:0,
                 from /home/wbx/openadk/host_i586_eglibc/include/ruby-1.9.1/ruby.h:32,
                 from conftest.c:1:
/home/wbx/openadk/target_i586_eglibc/usr/include/stdint.h:153:0: warning: "__INT64_C" redefined
<built-in>:0:0: note: this is the location of the previous definition
/home/wbx/openadk/target_i586_eglibc/usr/include/stdint.h:154:0: warning: "__UINT64_C" redefined
<built-in>:0:0: note: this is the location of the previous definition
conftest.c: In function 't':
conftest.c:5:1: warning: implicit declaration of function 'ldap_start_tls_s'
/tmp/ccvjTi9H.o: In function `t':
/home/wbx/openadk/package/ruby-ldap/conftest.c:5: undefined reference to `ldap_start_tls_s'
collect2: ld returned 1 exit status
checked program was:
/* begin */
1: #include "ruby.h"
2: 
3: /*top*/
4: int main() {return 0;}
5: int t() { ldap_start_tls_s(); return 0; }
/* end */

--------------------

have_func: checking for ldap_memfree()... -------------------- no

"gcc -o conftest -I/home/wbx/openadk/host_i586_eglibc/include/ruby-1.9.1/x86_64-linux -I/home/wbx/openadk/host_i586_eglibc/include/ruby-1.9.1/ruby/backward -I/home/wbx/openadk/host_i586_eglibc/include/ruby-1.9.1 -I/home/wbx/openadk/build_pcengines-alix1c_i586_eglibc/w-ruby-ldap-0.9.8-1/ruby-ldap-0.9.8 -I/home/wbx/openadk/target_i586_eglibc/usr/include     -O3 -ggdb -Wextra -Wno-unused-parameter -Wno-parentheses -Wno-long-long -Wno-missing-field-initializers -Wpointer-arith -Wwrite-strings -Wdeclaration-after-statement -Wimplicit-function-declaration conftest.c  -L. -L/home/wbx/openadk/host_i586_eglibc/lib -Wl,-R/home/wbx/openadk/host_i586_eglibc/lib -L.  -rdynamic -Wl,-export-dynamic    -lresolv -lpthread -lssl -lcrypto  -Wl,-R -Wl,/home/wbx/openadk/host_i586_eglibc/lib -L/home/wbx/openadk/host_i586_eglibc/lib -lruby-static -lresolv -lpthread -lssl -lcrypto  -lpthread -lrt -ldl -lcrypt -lm   -lc"
In file included from /home/wbx/openadk/host_i586_eglibc/include/ruby-1.9.1/ruby/ruby.h:58:0,
                 from /home/wbx/openadk/host_i586_eglibc/include/ruby-1.9.1/ruby.h:32,
                 from conftest.c:1:
/home/wbx/openadk/target_i586_eglibc/usr/include/stdint.h:153:0: warning: "__INT64_C" redefined
<built-in>:0:0: note: this is the location of the previous definition
/home/wbx/openadk/target_i586_eglibc/usr/include/stdint.h:154:0: warning: "__UINT64_C" redefined
<built-in>:0:0: note: this is the location of the previous definition
conftest.c: In function 't':
conftest.c:5:53: error: 'ldap_memfree' undeclared (first use in this function)
conftest.c:5:53: note: each undeclared identifier is reported only once for each function it appears in
checked program was:
/* begin */
1: #include "ruby.h"
2: 
3: /*top*/
4: int main() {return 0;}
5: int t() { void ((*volatile p)()); p = (void ((*)()))ldap_memfree; return 0; }
/* end */

"gcc -o conftest -I/home/wbx/openadk/host_i586_eglibc/include/ruby-1.9.1/x86_64-linux -I/home/wbx/openadk/host_i586_eglibc/include/ruby-1.9.1/ruby/backward -I/home/wbx/openadk/host_i586_eglibc/include/ruby-1.9.1 -I/home/wbx/openadk/build_pcengines-alix1c_i586_eglibc/w-ruby-ldap-0.9.8-1/ruby-ldap-0.9.8 -I/home/wbx/openadk/target_i586_eglibc/usr/include     -O3 -ggdb -Wextra -Wno-unused-parameter -Wno-parentheses -Wno-long-long -Wno-missing-field-initializers -Wpointer-arith -Wwrite-strings -Wdeclaration-after-statement -Wimplicit-function-declaration conftest.c  -L. -L/home/wbx/openadk/host_i586_eglibc/lib -Wl,-R/home/wbx/openadk/host_i586_eglibc/lib -L.  -rdynamic -Wl,-export-dynamic    -lresolv -lpthread -lssl -lcrypto  -Wl,-R -Wl,/home/wbx/openadk/host_i586_eglibc/lib -L/home/wbx/openadk/host_i586_eglibc/lib -lruby-static -lresolv -lpthread -lssl -lcrypto  -lpthread -lrt -ldl -lcrypt -lm   -lc"
In file included from /home/wbx/openadk/host_i586_eglibc/include/ruby-1.9.1/ruby/ruby.h:58:0,
                 from /home/wbx/openadk/host_i586_eglibc/include/ruby-1.9.1/ruby.h:32,
                 from conftest.c:1:
/home/wbx/openadk/target_i586_eglibc/usr/include/stdint.h:153:0: warning: "__INT64_C" redefined
<built-in>:0:0: note: this is the location of the previous definition
/home/wbx/openadk/target_i586_eglibc/usr/include/stdint.h:154:0: warning: "__UINT64_C" redefined
<built-in>:0:0: note: this is the location of the previous definition
conftest.c: In function 't':
conftest.c:5:1: warning: implicit declaration of function 'ldap_memfree'
/tmp/ccPVMxgR.o: In function `t':
/home/wbx/openadk/package/ruby-ldap/conftest.c:5: undefined reference to `ldap_memfree'
collect2: ld returned 1 exit status
checked program was:
/* begin */
1: #include "ruby.h"
2: 
3: /*top*/
4: int main() {return 0;}
5: int t() { ldap_memfree(); return 0; }
/* end */

--------------------

have_func: checking for ldap_perror()... -------------------- no

"gcc -o conftest -I/home/wbx/openadk/host_i586_eglibc/include/ruby-1.9.1/x86_64-linux -I/home/wbx/openadk/host_i586_eglibc/include/ruby-1.9.1/ruby/backward -I/home/wbx/openadk/host_i586_eglibc/include/ruby-1.9.1 -I/home/wbx/openadk/build_pcengines-alix1c_i586_eglibc/w-ruby-ldap-0.9.8-1/ruby-ldap-0.9.8 -I/home/wbx/openadk/target_i586_eglibc/usr/include     -O3 -ggdb -Wextra -Wno-unused-parameter -Wno-parentheses -Wno-long-long -Wno-missing-field-initializers -Wpointer-arith -Wwrite-strings -Wdeclaration-after-statement -Wimplicit-function-declaration conftest.c  -L. -L/home/wbx/openadk/host_i586_eglibc/lib -Wl,-R/home/wbx/openadk/host_i586_eglibc/lib -L.  -rdynamic -Wl,-export-dynamic    -lresolv -lpthread -lssl -lcrypto  -Wl,-R -Wl,/home/wbx/openadk/host_i586_eglibc/lib -L/home/wbx/openadk/host_i586_eglibc/lib -lruby-static -lresolv -lpthread -lssl -lcrypto  -lpthread -lrt -ldl -lcrypt -lm   -lc"
In file included from /home/wbx/openadk/host_i586_eglibc/include/ruby-1.9.1/ruby/ruby.h:58:0,
                 from /home/wbx/openadk/host_i586_eglibc/include/ruby-1.9.1/ruby.h:32,
                 from conftest.c:1:
/home/wbx/openadk/target_i586_eglibc/usr/include/stdint.h:153:0: warning: "__INT64_C" redefined
<built-in>:0:0: note: this is the location of the previous definition
/home/wbx/openadk/target_i586_eglibc/usr/include/stdint.h:154:0: warning: "__UINT64_C" redefined
<built-in>:0:0: note: this is the location of the previous definition
conftest.c: In function 't':
conftest.c:5:53: error: 'ldap_perror' undeclared (first use in this function)
conftest.c:5:53: note: each undeclared identifier is reported only once for each function it appears in
checked program was:
/* begin */
1: #include "ruby.h"
2: 
3: /*top*/
4: int main() {return 0;}
5: int t() { void ((*volatile p)()); p = (void ((*)()))ldap_perror; return 0; }
/* end */

"gcc -o conftest -I/home/wbx/openadk/host_i586_eglibc/include/ruby-1.9.1/x86_64-linux -I/home/wbx/openadk/host_i586_eglibc/include/ruby-1.9.1/ruby/backward -I/home/wbx/openadk/host_i586_eglibc/include/ruby-1.9.1 -I/home/wbx/openadk/build_pcengines-alix1c_i586_eglibc/w-ruby-ldap-0.9.8-1/ruby-ldap-0.9.8 -I/home/wbx/openadk/target_i586_eglibc/usr/include     -O3 -ggdb -Wextra -Wno-unused-parameter -Wno-parentheses -Wno-long-long -Wno-missing-field-initializers -Wpointer-arith -Wwrite-strings -Wdeclaration-after-statement -Wimplicit-function-declaration conftest.c  -L. -L/home/wbx/openadk/host_i586_eglibc/lib -Wl,-R/home/wbx/openadk/host_i586_eglibc/lib -L.  -rdynamic -Wl,-export-dynamic    -lresolv -lpthread -lssl -lcrypto  -Wl,-R -Wl,/home/wbx/openadk/host_i586_eglibc/lib -L/home/wbx/openadk/host_i586_eglibc/lib -lruby-static -lresolv -lpthread -lssl -lcrypto  -lpthread -lrt -ldl -lcrypt -lm   -lc"
In file included from /home/wbx/openadk/host_i586_eglibc/include/ruby-1.9.1/ruby/ruby.h:58:0,
                 from /home/wbx/openadk/host_i586_eglibc/include/ruby-1.9.1/ruby.h:32,
                 from conftest.c:1:
/home/wbx/openadk/target_i586_eglibc/usr/include/stdint.h:153:0: warning: "__INT64_C" redefined
<built-in>:0:0: note: this is the location of the previous definition
/home/wbx/openadk/target_i586_eglibc/usr/include/stdint.h:154:0: warning: "__UINT64_C" redefined
<built-in>:0:0: note: this is the location of the previous definition
conftest.c: In function 't':
conftest.c:5:1: warning: implicit declaration of function 'ldap_perror'
/tmp/ccDKXqa3.o: In function `t':
/home/wbx/openadk/package/ruby-ldap/conftest.c:5: undefined reference to `ldap_perror'
collect2: ld returned 1 exit status
checked program was:
/* begin */
1: #include "ruby.h"
2: 
3: /*top*/
4: int main() {return 0;}
5: int t() { ldap_perror(); return 0; }
/* end */

--------------------

have_func: checking for ldap_sort_entries()... -------------------- no

"gcc -o conftest -I/home/wbx/openadk/host_i586_eglibc/include/ruby-1.9.1/x86_64-linux -I/home/wbx/openadk/host_i586_eglibc/include/ruby-1.9.1/ruby/backward -I/home/wbx/openadk/host_i586_eglibc/include/ruby-1.9.1 -I/home/wbx/openadk/build_pcengines-alix1c_i586_eglibc/w-ruby-ldap-0.9.8-1/ruby-ldap-0.9.8 -I/home/wbx/openadk/target_i586_eglibc/usr/include     -O3 -ggdb -Wextra -Wno-unused-parameter -Wno-parentheses -Wno-long-long -Wno-missing-field-initializers -Wpointer-arith -Wwrite-strings -Wdeclaration-after-statement -Wimplicit-function-declaration conftest.c  -L. -L/home/wbx/openadk/host_i586_eglibc/lib -Wl,-R/home/wbx/openadk/host_i586_eglibc/lib -L.  -rdynamic -Wl,-export-dynamic    -lresolv -lpthread -lssl -lcrypto  -Wl,-R -Wl,/home/wbx/openadk/host_i586_eglibc/lib -L/home/wbx/openadk/host_i586_eglibc/lib -lruby-static -lresolv -lpthread -lssl -lcrypto  -lpthread -lrt -ldl -lcrypt -lm   -lc"
In file included from /home/wbx/openadk/host_i586_eglibc/include/ruby-1.9.1/ruby/ruby.h:58:0,
                 from /home/wbx/openadk/host_i586_eglibc/include/ruby-1.9.1/ruby.h:32,
                 from conftest.c:1:
/home/wbx/openadk/target_i586_eglibc/usr/include/stdint.h:153:0: warning: "__INT64_C" redefined
<built-in>:0:0: note: this is the location of the previous definition
/home/wbx/openadk/target_i586_eglibc/usr/include/stdint.h:154:0: warning: "__UINT64_C" redefined
<built-in>:0:0: note: this is the location of the previous definition
conftest.c: In function 't':
conftest.c:5:53: error: 'ldap_sort_entries' undeclared (first use in this function)
conftest.c:5:53: note: each undeclared identifier is reported only once for each function it appears in
checked program was:
/* begin */
1: #include "ruby.h"
2: 
3: /*top*/
4: int main() {return 0;}
5: int t() { void ((*volatile p)()); p = (void ((*)()))ldap_sort_entries; return 0; }
/* end */

"gcc -o conftest -I/home/wbx/openadk/host_i586_eglibc/include/ruby-1.9.1/x86_64-linux -I/home/wbx/openadk/host_i586_eglibc/include/ruby-1.9.1/ruby/backward -I/home/wbx/openadk/host_i586_eglibc/include/ruby-1.9.1 -I/home/wbx/openadk/build_pcengines-alix1c_i586_eglibc/w-ruby-ldap-0.9.8-1/ruby-ldap-0.9.8 -I/home/wbx/openadk/target_i586_eglibc/usr/include     -O3 -ggdb -Wextra -Wno-unused-parameter -Wno-parentheses -Wno-long-long -Wno-missing-field-initializers -Wpointer-arith -Wwrite-strings -Wdeclaration-after-statement -Wimplicit-function-declaration conftest.c  -L. -L/home/wbx/openadk/host_i586_eglibc/lib -Wl,-R/home/wbx/openadk/host_i586_eglibc/lib -L.  -rdynamic -Wl,-export-dynamic    -lresolv -lpthread -lssl -lcrypto  -Wl,-R -Wl,/home/wbx/openadk/host_i586_eglibc/lib -L/home/wbx/openadk/host_i586_eglibc/lib -lruby-static -lresolv -lpthread -lssl -lcrypto  -lpthread -lrt -ldl -lcrypt -lm   -lc"
In file included from /home/wbx/openadk/host_i586_eglibc/include/ruby-1.9.1/ruby/ruby.h:58:0,
                 from /home/wbx/openadk/host_i586_eglibc/include/ruby-1.9.1/ruby.h:32,
                 from conftest.c:1:
/home/wbx/openadk/target_i586_eglibc/usr/include/stdint.h:153:0: warning: "__INT64_C" redefined
<built-in>:0:0: note: this is the location of the previous definition
/home/wbx/openadk/target_i586_eglibc/usr/include/stdint.h:154:0: warning: "__UINT64_C" redefined
<built-in>:0:0: note: this is the location of the previous definition
conftest.c: In function 't':
conftest.c:5:1: warning: implicit declaration of function 'ldap_sort_entries'
/tmp/ccq7L8vh.o: In function `t':
/home/wbx/openadk/package/ruby-ldap/conftest.c:5: undefined reference to `ldap_sort_entries'
collect2: ld returned 1 exit status
checked program was:
/* begin */
1: #include "ruby.h"
2: 
3: /*top*/
4: int main() {return 0;}
5: int t() { ldap_sort_entries(); return 0; }
/* end */

--------------------

have_func: checking for ldapssl_init()... -------------------- no

"gcc -o conftest -I/home/wbx/openadk/host_i586_eglibc/include/ruby-1.9.1/x86_64-linux -I/home/wbx/openadk/host_i586_eglibc/include/ruby-1.9.1/ruby/backward -I/home/wbx/openadk/host_i586_eglibc/include/ruby-1.9.1 -I/home/wbx/openadk/build_pcengines-alix1c_i586_eglibc/w-ruby-ldap-0.9.8-1/ruby-ldap-0.9.8 -I/home/wbx/openadk/target_i586_eglibc/usr/include     -O3 -ggdb -Wextra -Wno-unused-parameter -Wno-parentheses -Wno-long-long -Wno-missing-field-initializers -Wpointer-arith -Wwrite-strings -Wdeclaration-after-statement -Wimplicit-function-declaration conftest.c  -L. -L/home/wbx/openadk/host_i586_eglibc/lib -Wl,-R/home/wbx/openadk/host_i586_eglibc/lib -L.  -rdynamic -Wl,-export-dynamic    -lresolv -lpthread -lssl -lcrypto  -Wl,-R -Wl,/home/wbx/openadk/host_i586_eglibc/lib -L/home/wbx/openadk/host_i586_eglibc/lib -lruby-static -lresolv -lpthread -lssl -lcrypto  -lpthread -lrt -ldl -lcrypt -lm   -lc"
In file included from /home/wbx/openadk/host_i586_eglibc/include/ruby-1.9.1/ruby/ruby.h:58:0,
                 from /home/wbx/openadk/host_i586_eglibc/include/ruby-1.9.1/ruby.h:32,
                 from conftest.c:1:
/home/wbx/openadk/target_i586_eglibc/usr/include/stdint.h:153:0: warning: "__INT64_C" redefined
<built-in>:0:0: note: this is the location of the previous definition
/home/wbx/openadk/target_i586_eglibc/usr/include/stdint.h:154:0: warning: "__UINT64_C" redefined
<built-in>:0:0: note: this is the location of the previous definition
conftest.c: In function 't':
conftest.c:5:53: error: 'ldapssl_init' undeclared (first use in this function)
conftest.c:5:53: note: each undeclared identifier is reported only once for each function it appears in
checked program was:
/* begin */
1: #include "ruby.h"
2: 
3: /*top*/
4: int main() {return 0;}
5: int t() { void ((*volatile p)()); p = (void ((*)()))ldapssl_init; return 0; }
/* end */

"gcc -o conftest -I/home/wbx/openadk/host_i586_eglibc/include/ruby-1.9.1/x86_64-linux -I/home/wbx/openadk/host_i586_eglibc/include/ruby-1.9.1/ruby/backward -I/home/wbx/openadk/host_i586_eglibc/include/ruby-1.9.1 -I/home/wbx/openadk/build_pcengines-alix1c_i586_eglibc/w-ruby-ldap-0.9.8-1/ruby-ldap-0.9.8 -I/home/wbx/openadk/target_i586_eglibc/usr/include     -O3 -ggdb -Wextra -Wno-unused-parameter -Wno-parentheses -Wno-long-long -Wno-missing-field-initializers -Wpointer-arith -Wwrite-strings -Wdeclaration-after-statement -Wimplicit-function-declaration conftest.c  -L. -L/home/wbx/openadk/host_i586_eglibc/lib -Wl,-R/home/wbx/openadk/host_i586_eglibc/lib -L.  -rdynamic -Wl,-export-dynamic    -lresolv -lpthread -lssl -lcrypto  -Wl,-R -Wl,/home/wbx/openadk/host_i586_eglibc/lib -L/home/wbx/openadk/host_i586_eglibc/lib -lruby-static -lresolv -lpthread -lssl -lcrypto  -lpthread -lrt -ldl -lcrypt -lm   -lc"
In file included from /home/wbx/openadk/host_i586_eglibc/include/ruby-1.9.1/ruby/ruby.h:58:0,
                 from /home/wbx/openadk/host_i586_eglibc/include/ruby-1.9.1/ruby.h:32,
                 from conftest.c:1:
/home/wbx/openadk/target_i586_eglibc/usr/include/stdint.h:153:0: warning: "__INT64_C" redefined
<built-in>:0:0: note: this is the location of the previous definition
/home/wbx/openadk/target_i586_eglibc/usr/include/stdint.h:154:0: warning: "__UINT64_C" redefined
<built-in>:0:0: note: this is the location of the previous definition
conftest.c: In function 't':
conftest.c:5:1: warning: implicit declaration of function 'ldapssl_init'
/tmp/cc50P3Bq.o: In function `t':
/home/wbx/openadk/package/ruby-ldap/conftest.c:5: undefined reference to `ldapssl_init'
collect2: ld returned 1 exit status
checked program was:
/* begin */
1: #include "ruby.h"
2: 
3: /*top*/
4: int main() {return 0;}
5: int t() { ldapssl_init(); return 0; }
/* end */

--------------------

have_func: checking for ldap_sslinit()... -------------------- no

"gcc -o conftest -I/home/wbx/openadk/host_i586_eglibc/include/ruby-1.9.1/x86_64-linux -I/home/wbx/openadk/host_i586_eglibc/include/ruby-1.9.1/ruby/backward -I/home/wbx/openadk/host_i586_eglibc/include/ruby-1.9.1 -I/home/wbx/openadk/build_pcengines-alix1c_i586_eglibc/w-ruby-ldap-0.9.8-1/ruby-ldap-0.9.8 -I/home/wbx/openadk/target_i586_eglibc/usr/include     -O3 -ggdb -Wextra -Wno-unused-parameter -Wno-parentheses -Wno-long-long -Wno-missing-field-initializers -Wpointer-arith -Wwrite-strings -Wdeclaration-after-statement -Wimplicit-function-declaration conftest.c  -L. -L/home/wbx/openadk/host_i586_eglibc/lib -Wl,-R/home/wbx/openadk/host_i586_eglibc/lib -L.  -rdynamic -Wl,-export-dynamic    -lresolv -lpthread -lssl -lcrypto  -Wl,-R -Wl,/home/wbx/openadk/host_i586_eglibc/lib -L/home/wbx/openadk/host_i586_eglibc/lib -lruby-static -lresolv -lpthread -lssl -lcrypto  -lpthread -lrt -ldl -lcrypt -lm   -lc"
In file included from /home/wbx/openadk/host_i586_eglibc/include/ruby-1.9.1/ruby/ruby.h:58:0,
                 from /home/wbx/openadk/host_i586_eglibc/include/ruby-1.9.1/ruby.h:32,
                 from conftest.c:1:
/home/wbx/openadk/target_i586_eglibc/usr/include/stdint.h:153:0: warning: "__INT64_C" redefined
<built-in>:0:0: note: this is the location of the previous definition
/home/wbx/openadk/target_i586_eglibc/usr/include/stdint.h:154:0: warning: "__UINT64_C" redefined
<built-in>:0:0: note: this is the location of the previous definition
conftest.c: In function 't':
conftest.c:5:53: error: 'ldap_sslinit' undeclared (first use in this function)
conftest.c:5:53: note: each undeclared identifier is reported only once for each function it appears in
checked program was:
/* begin */
1: #include "ruby.h"
2: 
3: /*top*/
4: int main() {return 0;}
5: int t() { void ((*volatile p)()); p = (void ((*)()))ldap_sslinit; return 0; }
/* end */

"gcc -o conftest -I/home/wbx/openadk/host_i586_eglibc/include/ruby-1.9.1/x86_64-linux -I/home/wbx/openadk/host_i586_eglibc/include/ruby-1.9.1/ruby/backward -I/home/wbx/openadk/host_i586_eglibc/include/ruby-1.9.1 -I/home/wbx/openadk/build_pcengines-alix1c_i586_eglibc/w-ruby-ldap-0.9.8-1/ruby-ldap-0.9.8 -I/home/wbx/openadk/target_i586_eglibc/usr/include     -O3 -ggdb -Wextra -Wno-unused-parameter -Wno-parentheses -Wno-long-long -Wno-missing-field-initializers -Wpointer-arith -Wwrite-strings -Wdeclaration-after-statement -Wimplicit-function-declaration conftest.c  -L. -L/home/wbx/openadk/host_i586_eglibc/lib -Wl,-R/home/wbx/openadk/host_i586_eglibc/lib -L.  -rdynamic -Wl,-export-dynamic    -lresolv -lpthread -lssl -lcrypto  -Wl,-R -Wl,/home/wbx/openadk/host_i586_eglibc/lib -L/home/wbx/openadk/host_i586_eglibc/lib -lruby-static -lresolv -lpthread -lssl -lcrypto  -lpthread -lrt -ldl -lcrypt -lm   -lc"
In file included from /home/wbx/openadk/host_i586_eglibc/include/ruby-1.9.1/ruby/ruby.h:58:0,
                 from /home/wbx/openadk/host_i586_eglibc/include/ruby-1.9.1/ruby.h:32,
                 from conftest.c:1:
/home/wbx/openadk/target_i586_eglibc/usr/include/stdint.h:153:0: warning: "__INT64_C" redefined
<built-in>:0:0: note: this is the location of the previous definition
/home/wbx/openadk/target_i586_eglibc/usr/include/stdint.h:154:0: warning: "__UINT64_C" redefined
<built-in>:0:0: note: this is the location of the previous definition
conftest.c: In function 't':
conftest.c:5:1: warning: implicit declaration of function 'ldap_sslinit'
/tmp/cc1tcAEs.o: In function `t':
/home/wbx/openadk/package/ruby-ldap/conftest.c:5: undefined reference to `ldap_sslinit'
collect2: ld returned 1 exit status
checked program was:
/* begin */
1: #include "ruby.h"
2: 
3: /*top*/
4: int main() {return 0;}
5: int t() { ldap_sslinit(); return 0; }
/* end */

--------------------

have_func: checking for ldap_sasl_bind_s()... -------------------- no

"gcc -o conftest -I/home/wbx/openadk/host_i586_eglibc/include/ruby-1.9.1/x86_64-linux -I/home/wbx/openadk/host_i586_eglibc/include/ruby-1.9.1/ruby/backward -I/home/wbx/openadk/host_i586_eglibc/include/ruby-1.9.1 -I/home/wbx/openadk/build_pcengines-alix1c_i586_eglibc/w-ruby-ldap-0.9.8-1/ruby-ldap-0.9.8 -I/home/wbx/openadk/target_i586_eglibc/usr/include     -O3 -ggdb -Wextra -Wno-unused-parameter -Wno-parentheses -Wno-long-long -Wno-missing-field-initializers -Wpointer-arith -Wwrite-strings -Wdeclaration-after-statement -Wimplicit-function-declaration conftest.c  -L. -L/home/wbx/openadk/host_i586_eglibc/lib -Wl,-R/home/wbx/openadk/host_i586_eglibc/lib -L.  -rdynamic -Wl,-export-dynamic    -lresolv -lpthread -lssl -lcrypto  -Wl,-R -Wl,/home/wbx/openadk/host_i586_eglibc/lib -L/home/wbx/openadk/host_i586_eglibc/lib -lruby-static -lresolv -lpthread -lssl -lcrypto  -lpthread -lrt -ldl -lcrypt -lm   -lc"
In file included from /home/wbx/openadk/host_i586_eglibc/include/ruby-1.9.1/ruby/ruby.h:58:0,
                 from /home/wbx/openadk/host_i586_eglibc/include/ruby-1.9.1/ruby.h:32,
                 from conftest.c:1:
/home/wbx/openadk/target_i586_eglibc/usr/include/stdint.h:153:0: warning: "__INT64_C" redefined
<built-in>:0:0: note: this is the location of the previous definition
/home/wbx/openadk/target_i586_eglibc/usr/include/stdint.h:154:0: warning: "__UINT64_C" redefined
<built-in>:0:0: note: this is the location of the previous definition
conftest.c: In function 't':
conftest.c:5:53: error: 'ldap_sasl_bind_s' undeclared (first use in this function)
conftest.c:5:53: note: each undeclared identifier is reported only once for each function it appears in
checked program was:
/* begin */
1: #include "ruby.h"
2: 
3: /*top*/
4: int main() {return 0;}
5: int t() { void ((*volatile p)()); p = (void ((*)()))ldap_sasl_bind_s; return 0; }
/* end */

"gcc -o conftest -I/home/wbx/openadk/host_i586_eglibc/include/ruby-1.9.1/x86_64-linux -I/home/wbx/openadk/host_i586_eglibc/include/ruby-1.9.1/ruby/backward -I/home/wbx/openadk/host_i586_eglibc/include/ruby-1.9.1 -I/home/wbx/openadk/build_pcengines-alix1c_i586_eglibc/w-ruby-ldap-0.9.8-1/ruby-ldap-0.9.8 -I/home/wbx/openadk/target_i586_eglibc/usr/include     -O3 -ggdb -Wextra -Wno-unused-parameter -Wno-parentheses -Wno-long-long -Wno-missing-field-initializers -Wpointer-arith -Wwrite-strings -Wdeclaration-after-statement -Wimplicit-function-declaration conftest.c  -L. -L/home/wbx/openadk/host_i586_eglibc/lib -Wl,-R/home/wbx/openadk/host_i586_eglibc/lib -L.  -rdynamic -Wl,-export-dynamic    -lresolv -lpthread -lssl -lcrypto  -Wl,-R -Wl,/home/wbx/openadk/host_i586_eglibc/lib -L/home/wbx/openadk/host_i586_eglibc/lib -lruby-static -lresolv -lpthread -lssl -lcrypto  -lpthread -lrt -ldl -lcrypt -lm   -lc"
In file included from /home/wbx/openadk/host_i586_eglibc/include/ruby-1.9.1/ruby/ruby.h:58:0,
                 from /home/wbx/openadk/host_i586_eglibc/include/ruby-1.9.1/ruby.h:32,
                 from conftest.c:1:
/home/wbx/openadk/target_i586_eglibc/usr/include/stdint.h:153:0: warning: "__INT64_C" redefined
<built-in>:0:0: note: this is the location of the previous definition
/home/wbx/openadk/target_i586_eglibc/usr/include/stdint.h:154:0: warning: "__UINT64_C" redefined
<built-in>:0:0: note: this is the location of the previous definition
conftest.c: In function 't':
conftest.c:5:1: warning: implicit declaration of function 'ldap_sasl_bind_s'
/tmp/ccIHLVZG.o: In function `t':
/home/wbx/openadk/package/ruby-ldap/conftest.c:5: undefined reference to `ldap_sasl_bind_s'
collect2: ld returned 1 exit status
checked program was:
/* begin */
1: #include "ruby.h"
2: 
3: /*top*/
4: int main() {return 0;}
5: int t() { ldap_sasl_bind_s(); return 0; }
/* end */

--------------------

have_func: checking for ldap_compare_s()... -------------------- no

"gcc -o conftest -I/home/wbx/openadk/host_i586_eglibc/include/ruby-1.9.1/x86_64-linux -I/home/wbx/openadk/host_i586_eglibc/include/ruby-1.9.1/ruby/backward -I/home/wbx/openadk/host_i586_eglibc/include/ruby-1.9.1 -I/home/wbx/openadk/build_pcengines-alix1c_i586_eglibc/w-ruby-ldap-0.9.8-1/ruby-ldap-0.9.8 -I/home/wbx/openadk/target_i586_eglibc/usr/include     -O3 -ggdb -Wextra -Wno-unused-parameter -Wno-parentheses -Wno-long-long -Wno-missing-field-initializers -Wpointer-arith -Wwrite-strings -Wdeclaration-after-statement -Wimplicit-function-declaration conftest.c  -L. -L/home/wbx/openadk/host_i586_eglibc/lib -Wl,-R/home/wbx/openadk/host_i586_eglibc/lib -L.  -rdynamic -Wl,-export-dynamic    -lresolv -lpthread -lssl -lcrypto  -Wl,-R -Wl,/home/wbx/openadk/host_i586_eglibc/lib -L/home/wbx/openadk/host_i586_eglibc/lib -lruby-static -lresolv -lpthread -lssl -lcrypto  -lpthread -lrt -ldl -lcrypt -lm   -lc"
In file included from /home/wbx/openadk/host_i586_eglibc/include/ruby-1.9.1/ruby/ruby.h:58:0,
                 from /home/wbx/openadk/host_i586_eglibc/include/ruby-1.9.1/ruby.h:32,
                 from conftest.c:1:
/home/wbx/openadk/target_i586_eglibc/usr/include/stdint.h:153:0: warning: "__INT64_C" redefined
<built-in>:0:0: note: this is the location of the previous definition
/home/wbx/openadk/target_i586_eglibc/usr/include/stdint.h:154:0: warning: "__UINT64_C" redefined
<built-in>:0:0: note: this is the location of the previous definition
conftest.c: In function 't':
conftest.c:5:53: error: 'ldap_compare_s' undeclared (first use in this function)
conftest.c:5:53: note: each undeclared identifier is reported only once for each function it appears in
checked program was:
/* begin */
1: #include "ruby.h"
2: 
3: /*top*/
4: int main() {return 0;}
5: int t() { void ((*volatile p)()); p = (void ((*)()))ldap_compare_s; return 0; }
/* end */

"gcc -o conftest -I/home/wbx/openadk/host_i586_eglibc/include/ruby-1.9.1/x86_64-linux -I/home/wbx/openadk/host_i586_eglibc/include/ruby-1.9.1/ruby/backward -I/home/wbx/openadk/host_i586_eglibc/include/ruby-1.9.1 -I/home/wbx/openadk/build_pcengines-alix1c_i586_eglibc/w-ruby-ldap-0.9.8-1/ruby-ldap-0.9.8 -I/home/wbx/openadk/target_i586_eglibc/usr/include     -O3 -ggdb -Wextra -Wno-unused-parameter -Wno-parentheses -Wno-long-long -Wno-missing-field-initializers -Wpointer-arith -Wwrite-strings -Wdeclaration-after-statement -Wimplicit-function-declaration conftest.c  -L. -L/home/wbx/openadk/host_i586_eglibc/lib -Wl,-R/home/wbx/openadk/host_i586_eglibc/lib -L.  -rdynamic -Wl,-export-dynamic    -lresolv -lpthread -lssl -lcrypto  -Wl,-R -Wl,/home/wbx/openadk/host_i586_eglibc/lib -L/home/wbx/openadk/host_i586_eglibc/lib -lruby-static -lresolv -lpthread -lssl -lcrypto  -lpthread -lrt -ldl -lcrypt -lm   -lc"
In file included from /home/wbx/openadk/host_i586_eglibc/include/ruby-1.9.1/ruby/ruby.h:58:0,
                 from /home/wbx/openadk/host_i586_eglibc/include/ruby-1.9.1/ruby.h:32,
                 from conftest.c:1:
/home/wbx/openadk/target_i586_eglibc/usr/include/stdint.h:153:0: warning: "__INT64_C" redefined
<built-in>:0:0: note: this is the location of the previous definition
/home/wbx/openadk/target_i586_eglibc/usr/include/stdint.h:154:0: warning: "__UINT64_C" redefined
<built-in>:0:0: note: this is the location of the previous definition
conftest.c: In function 't':
conftest.c:5:1: warning: implicit declaration of function 'ldap_compare_s'
/tmp/ccUe1xDQ.o: In function `t':
/home/wbx/openadk/package/ruby-ldap/conftest.c:5: undefined reference to `ldap_compare_s'
collect2: ld returned 1 exit status
checked program was:
/* begin */
1: #include "ruby.h"
2: 
3: /*top*/
4: int main() {return 0;}
5: int t() { ldap_compare_s(); return 0; }
/* end */

--------------------

have_func: checking for ldap_add_ext_s()... -------------------- no

"gcc -o conftest -I/home/wbx/openadk/host_i586_eglibc/include/ruby-1.9.1/x86_64-linux -I/home/wbx/openadk/host_i586_eglibc/include/ruby-1.9.1/ruby/backward -I/home/wbx/openadk/host_i586_eglibc/include/ruby-1.9.1 -I/home/wbx/openadk/build_pcengines-alix1c_i586_eglibc/w-ruby-ldap-0.9.8-1/ruby-ldap-0.9.8 -I/home/wbx/openadk/target_i586_eglibc/usr/include     -O3 -ggdb -Wextra -Wno-unused-parameter -Wno-parentheses -Wno-long-long -Wno-missing-field-initializers -Wpointer-arith -Wwrite-strings -Wdeclaration-after-statement -Wimplicit-function-declaration conftest.c  -L. -L/home/wbx/openadk/host_i586_eglibc/lib -Wl,-R/home/wbx/openadk/host_i586_eglibc/lib -L.  -rdynamic -Wl,-export-dynamic    -lresolv -lpthread -lssl -lcrypto  -Wl,-R -Wl,/home/wbx/openadk/host_i586_eglibc/lib -L/home/wbx/openadk/host_i586_eglibc/lib -lruby-static -lresolv -lpthread -lssl -lcrypto  -lpthread -lrt -ldl -lcrypt -lm   -lc"
In file included from /home/wbx/openadk/host_i586_eglibc/include/ruby-1.9.1/ruby/ruby.h:58:0,
                 from /home/wbx/openadk/host_i586_eglibc/include/ruby-1.9.1/ruby.h:32,
                 from conftest.c:1:
/home/wbx/openadk/target_i586_eglibc/usr/include/stdint.h:153:0: warning: "__INT64_C" redefined
<built-in>:0:0: note: this is the location of the previous definition
/home/wbx/openadk/target_i586_eglibc/usr/include/stdint.h:154:0: warning: "__UINT64_C" redefined
<built-in>:0:0: note: this is the location of the previous definition
conftest.c: In function 't':
conftest.c:5:53: error: 'ldap_add_ext_s' undeclared (first use in this function)
conftest.c:5:53: note: each undeclared identifier is reported only once for each function it appears in
checked program was:
/* begin */
1: #include "ruby.h"
2: 
3: /*top*/
4: int main() {return 0;}
5: int t() { void ((*volatile p)()); p = (void ((*)()))ldap_add_ext_s; return 0; }
/* end */

"gcc -o conftest -I/home/wbx/openadk/host_i586_eglibc/include/ruby-1.9.1/x86_64-linux -I/home/wbx/openadk/host_i586_eglibc/include/ruby-1.9.1/ruby/backward -I/home/wbx/openadk/host_i586_eglibc/include/ruby-1.9.1 -I/home/wbx/openadk/build_pcengines-alix1c_i586_eglibc/w-ruby-ldap-0.9.8-1/ruby-ldap-0.9.8 -I/home/wbx/openadk/target_i586_eglibc/usr/include     -O3 -ggdb -Wextra -Wno-unused-parameter -Wno-parentheses -Wno-long-long -Wno-missing-field-initializers -Wpointer-arith -Wwrite-strings -Wdeclaration-after-statement -Wimplicit-function-declaration conftest.c  -L. -L/home/wbx/openadk/host_i586_eglibc/lib -Wl,-R/home/wbx/openadk/host_i586_eglibc/lib -L.  -rdynamic -Wl,-export-dynamic    -lresolv -lpthread -lssl -lcrypto  -Wl,-R -Wl,/home/wbx/openadk/host_i586_eglibc/lib -L/home/wbx/openadk/host_i586_eglibc/lib -lruby-static -lresolv -lpthread -lssl -lcrypto  -lpthread -lrt -ldl -lcrypt -lm   -lc"
In file included from /home/wbx/openadk/host_i586_eglibc/include/ruby-1.9.1/ruby/ruby.h:58:0,
                 from /home/wbx/openadk/host_i586_eglibc/include/ruby-1.9.1/ruby.h:32,
                 from conftest.c:1:
/home/wbx/openadk/target_i586_eglibc/usr/include/stdint.h:153:0: warning: "__INT64_C" redefined
<built-in>:0:0: note: this is the location of the previous definition
/home/wbx/openadk/target_i586_eglibc/usr/include/stdint.h:154:0: warning: "__UINT64_C" redefined
<built-in>:0:0: note: this is the location of the previous definition
conftest.c: In function 't':
conftest.c:5:1: warning: implicit declaration of function 'ldap_add_ext_s'
/tmp/ccG0uqq4.o: In function `t':
/home/wbx/openadk/package/ruby-ldap/conftest.c:5: undefined reference to `ldap_add_ext_s'
collect2: ld returned 1 exit status
checked program was:
/* begin */
1: #include "ruby.h"
2: 
3: /*top*/
4: int main() {return 0;}
5: int t() { ldap_add_ext_s(); return 0; }
/* end */

--------------------

have_func: checking for ldap_compare_ext_s()... -------------------- no

"gcc -o conftest -I/home/wbx/openadk/host_i586_eglibc/include/ruby-1.9.1/x86_64-linux -I/home/wbx/openadk/host_i586_eglibc/include/ruby-1.9.1/ruby/backward -I/home/wbx/openadk/host_i586_eglibc/include/ruby-1.9.1 -I/home/wbx/openadk/build_pcengines-alix1c_i586_eglibc/w-ruby-ldap-0.9.8-1/ruby-ldap-0.9.8 -I/home/wbx/openadk/target_i586_eglibc/usr/include     -O3 -ggdb -Wextra -Wno-unused-parameter -Wno-parentheses -Wno-long-long -Wno-missing-field-initializers -Wpointer-arith -Wwrite-strings -Wdeclaration-after-statement -Wimplicit-function-declaration conftest.c  -L. -L/home/wbx/openadk/host_i586_eglibc/lib -Wl,-R/home/wbx/openadk/host_i586_eglibc/lib -L.  -rdynamic -Wl,-export-dynamic    -lresolv -lpthread -lssl -lcrypto  -Wl,-R -Wl,/home/wbx/openadk/host_i586_eglibc/lib -L/home/wbx/openadk/host_i586_eglibc/lib -lruby-static -lresolv -lpthread -lssl -lcrypto  -lpthread -lrt -ldl -lcrypt -lm   -lc"
In file included from /home/wbx/openadk/host_i586_eglibc/include/ruby-1.9.1/ruby/ruby.h:58:0,
                 from /home/wbx/openadk/host_i586_eglibc/include/ruby-1.9.1/ruby.h:32,
                 from conftest.c:1:
/home/wbx/openadk/target_i586_eglibc/usr/include/stdint.h:153:0: warning: "__INT64_C" redefined
<built-in>:0:0: note: this is the location of the previous definition
/home/wbx/openadk/target_i586_eglibc/usr/include/stdint.h:154:0: warning: "__UINT64_C" redefined
<built-in>:0:0: note: this is the location of the previous definition
conftest.c: In function 't':
conftest.c:5:53: error: 'ldap_compare_ext_s' undeclared (first use in this function)
conftest.c:5:53: note: each undeclared identifier is reported only once for each function it appears in
checked program was:
/* begin */
1: #include "ruby.h"
2: 
3: /*top*/
4: int main() {return 0;}
5: int t() { void ((*volatile p)()); p = (void ((*)()))ldap_compare_ext_s; return 0; }
/* end */

"gcc -o conftest -I/home/wbx/openadk/host_i586_eglibc/include/ruby-1.9.1/x86_64-linux -I/home/wbx/openadk/host_i586_eglibc/include/ruby-1.9.1/ruby/backward -I/home/wbx/openadk/host_i586_eglibc/include/ruby-1.9.1 -I/home/wbx/openadk/build_pcengines-alix1c_i586_eglibc/w-ruby-ldap-0.9.8-1/ruby-ldap-0.9.8 -I/home/wbx/openadk/target_i586_eglibc/usr/include     -O3 -ggdb -Wextra -Wno-unused-parameter -Wno-parentheses -Wno-long-long -Wno-missing-field-initializers -Wpointer-arith -Wwrite-strings -Wdeclaration-after-statement -Wimplicit-function-declaration conftest.c  -L. -L/home/wbx/openadk/host_i586_eglibc/lib -Wl,-R/home/wbx/openadk/host_i586_eglibc/lib -L.  -rdynamic -Wl,-export-dynamic    -lresolv -lpthread -lssl -lcrypto  -Wl,-R -Wl,/home/wbx/openadk/host_i586_eglibc/lib -L/home/wbx/openadk/host_i586_eglibc/lib -lruby-static -lresolv -lpthread -lssl -lcrypto  -lpthread -lrt -ldl -lcrypt -lm   -lc"
In file included from /home/wbx/openadk/host_i586_eglibc/include/ruby-1.9.1/ruby/ruby.h:58:0,
                 from /home/wbx/openadk/host_i586_eglibc/include/ruby-1.9.1/ruby.h:32,
                 from conftest.c:1:
/home/wbx/openadk/target_i586_eglibc/usr/include/stdint.h:153:0: warning: "__INT64_C" redefined
<built-in>:0:0: note: this is the location of the previous definition
/home/wbx/openadk/target_i586_eglibc/usr/include/stdint.h:154:0: warning: "__UINT64_C" redefined
<built-in>:0:0: note: this is the location of the previous definition
conftest.c: In function 't':
conftest.c:5:1: warning: implicit declaration of function 'ldap_compare_ext_s'
/tmp/cckVkksg.o: In function `t':
/home/wbx/openadk/package/ruby-ldap/conftest.c:5: undefined reference to `ldap_compare_ext_s'
collect2: ld returned 1 exit status
checked program was:
/* begin */
1: #include "ruby.h"
2: 
3: /*top*/
4: int main() {return 0;}
5: int t() { ldap_compare_ext_s(); return 0; }
/* end */

--------------------

have_func: checking for ldap_delete_ext_s()... -------------------- no

"gcc -o conftest -I/home/wbx/openadk/host_i586_eglibc/include/ruby-1.9.1/x86_64-linux -I/home/wbx/openadk/host_i586_eglibc/include/ruby-1.9.1/ruby/backward -I/home/wbx/openadk/host_i586_eglibc/include/ruby-1.9.1 -I/home/wbx/openadk/build_pcengines-alix1c_i586_eglibc/w-ruby-ldap-0.9.8-1/ruby-ldap-0.9.8 -I/home/wbx/openadk/target_i586_eglibc/usr/include     -O3 -ggdb -Wextra -Wno-unused-parameter -Wno-parentheses -Wno-long-long -Wno-missing-field-initializers -Wpointer-arith -Wwrite-strings -Wdeclaration-after-statement -Wimplicit-function-declaration conftest.c  -L. -L/home/wbx/openadk/host_i586_eglibc/lib -Wl,-R/home/wbx/openadk/host_i586_eglibc/lib -L.  -rdynamic -Wl,-export-dynamic    -lresolv -lpthread -lssl -lcrypto  -Wl,-R -Wl,/home/wbx/openadk/host_i586_eglibc/lib -L/home/wbx/openadk/host_i586_eglibc/lib -lruby-static -lresolv -lpthread -lssl -lcrypto  -lpthread -lrt -ldl -lcrypt -lm   -lc"
In file included from /home/wbx/openadk/host_i586_eglibc/include/ruby-1.9.1/ruby/ruby.h:58:0,
                 from /home/wbx/openadk/host_i586_eglibc/include/ruby-1.9.1/ruby.h:32,
                 from conftest.c:1:
/home/wbx/openadk/target_i586_eglibc/usr/include/stdint.h:153:0: warning: "__INT64_C" redefined
<built-in>:0:0: note: this is the location of the previous definition
/home/wbx/openadk/target_i586_eglibc/usr/include/stdint.h:154:0: warning: "__UINT64_C" redefined
<built-in>:0:0: note: this is the location of the previous definition
conftest.c: In function 't':
conftest.c:5:53: error: 'ldap_delete_ext_s' undeclared (first use in this function)
conftest.c:5:53: note: each undeclared identifier is reported only once for each function it appears in
checked program was:
/* begin */
1: #include "ruby.h"
2: 
3: /*top*/
4: int main() {return 0;}
5: int t() { void ((*volatile p)()); p = (void ((*)()))ldap_delete_ext_s; return 0; }
/* end */

"gcc -o conftest -I/home/wbx/openadk/host_i586_eglibc/include/ruby-1.9.1/x86_64-linux -I/home/wbx/openadk/host_i586_eglibc/include/ruby-1.9.1/ruby/backward -I/home/wbx/openadk/host_i586_eglibc/include/ruby-1.9.1 -I/home/wbx/openadk/build_pcengines-alix1c_i586_eglibc/w-ruby-ldap-0.9.8-1/ruby-ldap-0.9.8 -I/home/wbx/openadk/target_i586_eglibc/usr/include     -O3 -ggdb -Wextra -Wno-unused-parameter -Wno-parentheses -Wno-long-long -Wno-missing-field-initializers -Wpointer-arith -Wwrite-strings -Wdeclaration-after-statement -Wimplicit-function-declaration conftest.c  -L. -L/home/wbx/openadk/host_i586_eglibc/lib -Wl,-R/home/wbx/openadk/host_i586_eglibc/lib -L.  -rdynamic -Wl,-export-dynamic    -lresolv -lpthread -lssl -lcrypto  -Wl,-R -Wl,/home/wbx/openadk/host_i586_eglibc/lib -L/home/wbx/openadk/host_i586_eglibc/lib -lruby-static -lresolv -lpthread -lssl -lcrypto  -lpthread -lrt -ldl -lcrypt -lm   -lc"
In file included from /home/wbx/openadk/host_i586_eglibc/include/ruby-1.9.1/ruby/ruby.h:58:0,
                 from /home/wbx/openadk/host_i586_eglibc/include/ruby-1.9.1/ruby.h:32,
                 from conftest.c:1:
/home/wbx/openadk/target_i586_eglibc/usr/include/stdint.h:153:0: warning: "__INT64_C" redefined
<built-in>:0:0: note: this is the location of the previous definition
/home/wbx/openadk/target_i586_eglibc/usr/include/stdint.h:154:0: warning: "__UINT64_C" redefined
<built-in>:0:0: note: this is the location of the previous definition
conftest.c: In function 't':
conftest.c:5:1: warning: implicit declaration of function 'ldap_delete_ext_s'
/tmp/ccpiZQwp.o: In function `t':
/home/wbx/openadk/package/ruby-ldap/conftest.c:5: undefined reference to `ldap_delete_ext_s'
collect2: ld returned 1 exit status
checked program was:
/* begin */
1: #include "ruby.h"
2: 
3: /*top*/
4: int main() {return 0;}
5: int t() { ldap_delete_ext_s(); return 0; }
/* end */

--------------------

have_func: checking for ldap_modify_ext_s()... -------------------- no

"gcc -o conftest -I/home/wbx/openadk/host_i586_eglibc/include/ruby-1.9.1/x86_64-linux -I/home/wbx/openadk/host_i586_eglibc/include/ruby-1.9.1/ruby/backward -I/home/wbx/openadk/host_i586_eglibc/include/ruby-1.9.1 -I/home/wbx/openadk/build_pcengines-alix1c_i586_eglibc/w-ruby-ldap-0.9.8-1/ruby-ldap-0.9.8 -I/home/wbx/openadk/target_i586_eglibc/usr/include     -O3 -ggdb -Wextra -Wno-unused-parameter -Wno-parentheses -Wno-long-long -Wno-missing-field-initializers -Wpointer-arith -Wwrite-strings -Wdeclaration-after-statement -Wimplicit-function-declaration conftest.c  -L. -L/home/wbx/openadk/host_i586_eglibc/lib -Wl,-R/home/wbx/openadk/host_i586_eglibc/lib -L.  -rdynamic -Wl,-export-dynamic    -lresolv -lpthread -lssl -lcrypto  -Wl,-R -Wl,/home/wbx/openadk/host_i586_eglibc/lib -L/home/wbx/openadk/host_i586_eglibc/lib -lruby-static -lresolv -lpthread -lssl -lcrypto  -lpthread -lrt -ldl -lcrypt -lm   -lc"
In file included from /home/wbx/openadk/host_i586_eglibc/include/ruby-1.9.1/ruby/ruby.h:58:0,
                 from /home/wbx/openadk/host_i586_eglibc/include/ruby-1.9.1/ruby.h:32,
                 from conftest.c:1:
/home/wbx/openadk/target_i586_eglibc/usr/include/stdint.h:153:0: warning: "__INT64_C" redefined
<built-in>:0:0: note: this is the location of the previous definition
/home/wbx/openadk/target_i586_eglibc/usr/include/stdint.h:154:0: warning: "__UINT64_C" redefined
<built-in>:0:0: note: this is the location of the previous definition
conftest.c: In function 't':
conftest.c:5:53: error: 'ldap_modify_ext_s' undeclared (first use in this function)
conftest.c:5:53: note: each undeclared identifier is reported only once for each function it appears in
checked program was:
/* begin */
1: #include "ruby.h"
2: 
3: /*top*/
4: int main() {return 0;}
5: int t() { void ((*volatile p)()); p = (void ((*)()))ldap_modify_ext_s; return 0; }
/* end */

"gcc -o conftest -I/home/wbx/openadk/host_i586_eglibc/include/ruby-1.9.1/x86_64-linux -I/home/wbx/openadk/host_i586_eglibc/include/ruby-1.9.1/ruby/backward -I/home/wbx/openadk/host_i586_eglibc/include/ruby-1.9.1 -I/home/wbx/openadk/build_pcengines-alix1c_i586_eglibc/w-ruby-ldap-0.9.8-1/ruby-ldap-0.9.8 -I/home/wbx/openadk/target_i586_eglibc/usr/include     -O3 -ggdb -Wextra -Wno-unused-parameter -Wno-parentheses -Wno-long-long -Wno-missing-field-initializers -Wpointer-arith -Wwrite-strings -Wdeclaration-after-statement -Wimplicit-function-declaration conftest.c  -L. -L/home/wbx/openadk/host_i586_eglibc/lib -Wl,-R/home/wbx/openadk/host_i586_eglibc/lib -L.  -rdynamic -Wl,-export-dynamic    -lresolv -lpthread -lssl -lcrypto  -Wl,-R -Wl,/home/wbx/openadk/host_i586_eglibc/lib -L/home/wbx/openadk/host_i586_eglibc/lib -lruby-static -lresolv -lpthread -lssl -lcrypto  -lpthread -lrt -ldl -lcrypt -lm   -lc"
In file included from /home/wbx/openadk/host_i586_eglibc/include/ruby-1.9.1/ruby/ruby.h:58:0,
                 from /home/wbx/openadk/host_i586_eglibc/include/ruby-1.9.1/ruby.h:32,
                 from conftest.c:1:
/home/wbx/openadk/target_i586_eglibc/usr/include/stdint.h:153:0: warning: "__INT64_C" redefined
<built-in>:0:0: note: this is the location of the previous definition
/home/wbx/openadk/target_i586_eglibc/usr/include/stdint.h:154:0: warning: "__UINT64_C" redefined
<built-in>:0:0: note: this is the location of the previous definition
conftest.c: In function 't':
conftest.c:5:1: warning: implicit declaration of function 'ldap_modify_ext_s'
/tmp/ccKSlZ7r.o: In function `t':
/home/wbx/openadk/package/ruby-ldap/conftest.c:5: undefined reference to `ldap_modify_ext_s'
collect2: ld returned 1 exit status
checked program was:
/* begin */
1: #include "ruby.h"
2: 
3: /*top*/
4: int main() {return 0;}
5: int t() { ldap_modify_ext_s(); return 0; }
/* end */

--------------------

have_func: checking for ldap_search_ext_s()... -------------------- no

"gcc -o conftest -I/home/wbx/openadk/host_i586_eglibc/include/ruby-1.9.1/x86_64-linux -I/home/wbx/openadk/host_i586_eglibc/include/ruby-1.9.1/ruby/backward -I/home/wbx/openadk/host_i586_eglibc/include/ruby-1.9.1 -I/home/wbx/openadk/build_pcengines-alix1c_i586_eglibc/w-ruby-ldap-0.9.8-1/ruby-ldap-0.9.8 -I/home/wbx/openadk/target_i586_eglibc/usr/include     -O3 -ggdb -Wextra -Wno-unused-parameter -Wno-parentheses -Wno-long-long -Wno-missing-field-initializers -Wpointer-arith -Wwrite-strings -Wdeclaration-after-statement -Wimplicit-function-declaration conftest.c  -L. -L/home/wbx/openadk/host_i586_eglibc/lib -Wl,-R/home/wbx/openadk/host_i586_eglibc/lib -L.  -rdynamic -Wl,-export-dynamic    -lresolv -lpthread -lssl -lcrypto  -Wl,-R -Wl,/home/wbx/openadk/host_i586_eglibc/lib -L/home/wbx/openadk/host_i586_eglibc/lib -lruby-static -lresolv -lpthread -lssl -lcrypto  -lpthread -lrt -ldl -lcrypt -lm   -lc"
In file included from /home/wbx/openadk/host_i586_eglibc/include/ruby-1.9.1/ruby/ruby.h:58:0,
                 from /home/wbx/openadk/host_i586_eglibc/include/ruby-1.9.1/ruby.h:32,
                 from conftest.c:1:
/home/wbx/openadk/target_i586_eglibc/usr/include/stdint.h:153:0: warning: "__INT64_C" redefined
<built-in>:0:0: note: this is the location of the previous definition
/home/wbx/openadk/target_i586_eglibc/usr/include/stdint.h:154:0: warning: "__UINT64_C" redefined
<built-in>:0:0: note: this is the location of the previous definition
conftest.c: In function 't':
conftest.c:5:53: error: 'ldap_search_ext_s' undeclared (first use in this function)
conftest.c:5:53: note: each undeclared identifier is reported only once for each function it appears in
checked program was:
/* begin */
1: #include "ruby.h"
2: 
3: /*top*/
4: int main() {return 0;}
5: int t() { void ((*volatile p)()); p = (void ((*)()))ldap_search_ext_s; return 0; }
/* end */

"gcc -o conftest -I/home/wbx/openadk/host_i586_eglibc/include/ruby-1.9.1/x86_64-linux -I/home/wbx/openadk/host_i586_eglibc/include/ruby-1.9.1/ruby/backward -I/home/wbx/openadk/host_i586_eglibc/include/ruby-1.9.1 -I/home/wbx/openadk/build_pcengines-alix1c_i586_eglibc/w-ruby-ldap-0.9.8-1/ruby-ldap-0.9.8 -I/home/wbx/openadk/target_i586_eglibc/usr/include     -O3 -ggdb -Wextra -Wno-unused-parameter -Wno-parentheses -Wno-long-long -Wno-missing-field-initializers -Wpointer-arith -Wwrite-strings -Wdeclaration-after-statement -Wimplicit-function-declaration conftest.c  -L. -L/home/wbx/openadk/host_i586_eglibc/lib -Wl,-R/home/wbx/openadk/host_i586_eglibc/lib -L.  -rdynamic -Wl,-export-dynamic    -lresolv -lpthread -lssl -lcrypto  -Wl,-R -Wl,/home/wbx/openadk/host_i586_eglibc/lib -L/home/wbx/openadk/host_i586_eglibc/lib -lruby-static -lresolv -lpthread -lssl -lcrypto  -lpthread -lrt -ldl -lcrypt -lm   -lc"
In file included from /home/wbx/openadk/host_i586_eglibc/include/ruby-1.9.1/ruby/ruby.h:58:0,
                 from /home/wbx/openadk/host_i586_eglibc/include/ruby-1.9.1/ruby.h:32,
                 from conftest.c:1:
/home/wbx/openadk/target_i586_eglibc/usr/include/stdint.h:153:0: warning: "__INT64_C" redefined
<built-in>:0:0: note: this is the location of the previous definition
/home/wbx/openadk/target_i586_eglibc/usr/include/stdint.h:154:0: warning: "__UINT64_C" redefined
<built-in>:0:0: note: this is the location of the previous definition
conftest.c: In function 't':
conftest.c:5:1: warning: implicit declaration of function 'ldap_search_ext_s'
/tmp/ccqWVYUF.o: In function `t':
/home/wbx/openadk/package/ruby-ldap/conftest.c:5: undefined reference to `ldap_search_ext_s'
collect2: ld returned 1 exit status
checked program was:
/* begin */
1: #include "ruby.h"
2: 
3: /*top*/
4: int main() {return 0;}
5: int t() { ldap_search_ext_s(); return 0; }
/* end */

--------------------

have_func: checking for ldap_unbind_ext_s()... -------------------- no

"gcc -o conftest -I/home/wbx/openadk/host_i586_eglibc/include/ruby-1.9.1/x86_64-linux -I/home/wbx/openadk/host_i586_eglibc/include/ruby-1.9.1/ruby/backward -I/home/wbx/openadk/host_i586_eglibc/include/ruby-1.9.1 -I/home/wbx/openadk/build_pcengines-alix1c_i586_eglibc/w-ruby-ldap-0.9.8-1/ruby-ldap-0.9.8 -I/home/wbx/openadk/target_i586_eglibc/usr/include     -O3 -ggdb -Wextra -Wno-unused-parameter -Wno-parentheses -Wno-long-long -Wno-missing-field-initializers -Wpointer-arith -Wwrite-strings -Wdeclaration-after-statement -Wimplicit-function-declaration conftest.c  -L. -L/home/wbx/openadk/host_i586_eglibc/lib -Wl,-R/home/wbx/openadk/host_i586_eglibc/lib -L.  -rdynamic -Wl,-export-dynamic    -lresolv -lpthread -lssl -lcrypto  -Wl,-R -Wl,/home/wbx/openadk/host_i586_eglibc/lib -L/home/wbx/openadk/host_i586_eglibc/lib -lruby-static -lresolv -lpthread -lssl -lcrypto  -lpthread -lrt -ldl -lcrypt -lm   -lc"
In file included from /home/wbx/openadk/host_i586_eglibc/include/ruby-1.9.1/ruby/ruby.h:58:0,
                 from /home/wbx/openadk/host_i586_eglibc/include/ruby-1.9.1/ruby.h:32,
                 from conftest.c:1:
/home/wbx/openadk/target_i586_eglibc/usr/include/stdint.h:153:0: warning: "__INT64_C" redefined
<built-in>:0:0: note: this is the location of the previous definition
/home/wbx/openadk/target_i586_eglibc/usr/include/stdint.h:154:0: warning: "__UINT64_C" redefined
<built-in>:0:0: note: this is the location of the previous definition
conftest.c: In function 't':
conftest.c:5:53: error: 'ldap_unbind_ext_s' undeclared (first use in this function)
conftest.c:5:53: note: each undeclared identifier is reported only once for each function it appears in
checked program was:
/* begin */
1: #include "ruby.h"
2: 
3: /*top*/
4: int main() {return 0;}
5: int t() { void ((*volatile p)()); p = (void ((*)()))ldap_unbind_ext_s; return 0; }
/* end */

"gcc -o conftest -I/home/wbx/openadk/host_i586_eglibc/include/ruby-1.9.1/x86_64-linux -I/home/wbx/openadk/host_i586_eglibc/include/ruby-1.9.1/ruby/backward -I/home/wbx/openadk/host_i586_eglibc/include/ruby-1.9.1 -I/home/wbx/openadk/build_pcengines-alix1c_i586_eglibc/w-ruby-ldap-0.9.8-1/ruby-ldap-0.9.8 -I/home/wbx/openadk/target_i586_eglibc/usr/include     -O3 -ggdb -Wextra -Wno-unused-parameter -Wno-parentheses -Wno-long-long -Wno-missing-field-initializers -Wpointer-arith -Wwrite-strings -Wdeclaration-after-statement -Wimplicit-function-declaration conftest.c  -L. -L/home/wbx/openadk/host_i586_eglibc/lib -Wl,-R/home/wbx/openadk/host_i586_eglibc/lib -L.  -rdynamic -Wl,-export-dynamic    -lresolv -lpthread -lssl -lcrypto  -Wl,-R -Wl,/home/wbx/openadk/host_i586_eglibc/lib -L/home/wbx/openadk/host_i586_eglibc/lib -lruby-static -lresolv -lpthread -lssl -lcrypto  -lpthread -lrt -ldl -lcrypt -lm   -lc"
In file included from /home/wbx/openadk/host_i586_eglibc/include/ruby-1.9.1/ruby/ruby.h:58:0,
                 from /home/wbx/openadk/host_i586_eglibc/include/ruby-1.9.1/ruby.h:32,
                 from conftest.c:1:
/home/wbx/openadk/target_i586_eglibc/usr/include/stdint.h:153:0: warning: "__INT64_C" redefined
<built-in>:0:0: note: this is the location of the previous definition
/home/wbx/openadk/target_i586_eglibc/usr/include/stdint.h:154:0: warning: "__UINT64_C" redefined
<built-in>:0:0: note: this is the location of the previous definition
conftest.c: In function 't':
conftest.c:5:1: warning: implicit declaration of function 'ldap_unbind_ext_s'
/tmp/ccxzROBP.o: In function `t':
/home/wbx/openadk/package/ruby-ldap/conftest.c:5: undefined reference to `ldap_unbind_ext_s'
collect2: ld returned 1 exit status
checked program was:
/* begin */
1: #include "ruby.h"
2: 
3: /*top*/
4: int main() {return 0;}
5: int t() { ldap_unbind_ext_s(); return 0; }
/* end */

--------------------

have_func: checking for ldap_sasl_interactive_bind_s()... -------------------- no

"gcc -o conftest -I/home/wbx/openadk/host_i586_eglibc/include/ruby-1.9.1/x86_64-linux -I/home/wbx/openadk/host_i586_eglibc/include/ruby-1.9.1/ruby/backward -I/home/wbx/openadk/host_i586_eglibc/include/ruby-1.9.1 -I/home/wbx/openadk/build_pcengines-alix1c_i586_eglibc/w-ruby-ldap-0.9.8-1/ruby-ldap-0.9.8 -I/home/wbx/openadk/target_i586_eglibc/usr/include     -O3 -ggdb -Wextra -Wno-unused-parameter -Wno-parentheses -Wno-long-long -Wno-missing-field-initializers -Wpointer-arith -Wwrite-strings -Wdeclaration-after-statement -Wimplicit-function-declaration conftest.c  -L. -L/home/wbx/openadk/host_i586_eglibc/lib -Wl,-R/home/wbx/openadk/host_i586_eglibc/lib -L.  -rdynamic -Wl,-export-dynamic    -lresolv -lpthread -lssl -lcrypto  -Wl,-R -Wl,/home/wbx/openadk/host_i586_eglibc/lib -L/home/wbx/openadk/host_i586_eglibc/lib -lruby-static -lresolv -lpthread -lssl -lcrypto  -lpthread -lrt -ldl -lcrypt -lm   -lc"
In file included from /home/wbx/openadk/host_i586_eglibc/include/ruby-1.9.1/ruby/ruby.h:58:0,
                 from /home/wbx/openadk/host_i586_eglibc/include/ruby-1.9.1/ruby.h:32,
                 from conftest.c:1:
/home/wbx/openadk/target_i586_eglibc/usr/include/stdint.h:153:0: warning: "__INT64_C" redefined
<built-in>:0:0: note: this is the location of the previous definition
/home/wbx/openadk/target_i586_eglibc/usr/include/stdint.h:154:0: warning: "__UINT64_C" redefined
<built-in>:0:0: note: this is the location of the previous definition
conftest.c: In function 't':
conftest.c:5:53: error: 'ldap_sasl_interactive_bind_s' undeclared (first use in this function)
conftest.c:5:53: note: each undeclared identifier is reported only once for each function it appears in
checked program was:
/* begin */
1: #include "ruby.h"
2: 
3: /*top*/
4: int main() {return 0;}
5: int t() { void ((*volatile p)()); p = (void ((*)()))ldap_sasl_interactive_bind_s; return 0; }
/* end */

"gcc -o conftest -I/home/wbx/openadk/host_i586_eglibc/include/ruby-1.9.1/x86_64-linux -I/home/wbx/openadk/host_i586_eglibc/include/ruby-1.9.1/ruby/backward -I/home/wbx/openadk/host_i586_eglibc/include/ruby-1.9.1 -I/home/wbx/openadk/build_pcengines-alix1c_i586_eglibc/w-ruby-ldap-0.9.8-1/ruby-ldap-0.9.8 -I/home/wbx/openadk/target_i586_eglibc/usr/include     -O3 -ggdb -Wextra -Wno-unused-parameter -Wno-parentheses -Wno-long-long -Wno-missing-field-initializers -Wpointer-arith -Wwrite-strings -Wdeclaration-after-statement -Wimplicit-function-declaration conftest.c  -L. -L/home/wbx/openadk/host_i586_eglibc/lib -Wl,-R/home/wbx/openadk/host_i586_eglibc/lib -L.  -rdynamic -Wl,-export-dynamic    -lresolv -lpthread -lssl -lcrypto  -Wl,-R -Wl,/home/wbx/openadk/host_i586_eglibc/lib -L/home/wbx/openadk/host_i586_eglibc/lib -lruby-static -lresolv -lpthread -lssl -lcrypto  -lpthread -lrt -ldl -lcrypt -lm   -lc"
In file included from /home/wbx/openadk/host_i586_eglibc/include/ruby-1.9.1/ruby/ruby.h:58:0,
                 from /home/wbx/openadk/host_i586_eglibc/include/ruby-1.9.1/ruby.h:32,
                 from conftest.c:1:
/home/wbx/openadk/target_i586_eglibc/usr/include/stdint.h:153:0: warning: "__INT64_C" redefined
<built-in>:0:0: note: this is the location of the previous definition
/home/wbx/openadk/target_i586_eglibc/usr/include/stdint.h:154:0: warning: "__UINT64_C" redefined
<built-in>:0:0: note: this is the location of the previous definition
conftest.c: In function 't':
conftest.c:5:1: warning: implicit declaration of function 'ldap_sasl_interactive_bind_s'
/tmp/ccaSddl3.o: In function `t':
/home/wbx/openadk/package/ruby-ldap/conftest.c:5: undefined reference to `ldap_sasl_interactive_bind_s'
collect2: ld returned 1 exit status
checked program was:
/* begin */
1: #include "ruby.h"
2: 
3: /*top*/
4: int main() {return 0;}
5: int t() { ldap_sasl_interactive_bind_s(); return 0; }
/* end */

--------------------

